[35m[1mConsolidate compiler generated dependencies of target frontier_reduction[0m
[  2%] [32mBuilding CXX object CMakeFiles/frontier_reduction.dir/src/frontier_reduction.cpp.o[0m
[  7%] Built target navigation_nodes
[ 16%] Built target camera_filter
[ 16%] Built target ground_remove
[ 21%] Built target map_measure
[ 26%] Built target frontier_nodes
[ 30%] Built target navigation_nodes_ground
[ 45%] Built target 2D_graph
[ 45%] Built target frontiers_values
[ 45%] Built target occupied_nodes_near_obstacles
[ 50%] Built target obstacles_in_2d
[ 54%] Built target check_goal
[ 59%] Built target create_wall
[ 69%] Built target check_map
[ 69%] Built target path_planner_node
[ 73%] Built target move_navigation_nodes_frontier
[ 78%] Built target filtered_navigation_nodes
[ 83%] Built target control_plugin
[ 88%] Built target drive_plugin
[ 92%] Built target joints_plugin
[ 97%] Built target driver_plugin
[01m[K/home/rhobtor/reactive/Reactive-Navegation/workspace_full_conected/src/car_cpp/src/frontier_reduction.cpp:[m[K In member function â€˜[01m[Kvoid FrontierBoundaryNode::clusterAndPublishFrontiers(const std::vector<geometry_msgs::msg::Point_<std::allocator<void> >, std::allocator<geometry_msgs::msg::Point_<std::allocator<void> > > >&)[m[Kâ€™:
[01m[K/home/rhobtor/reactive/Reactive-Navegation/workspace_full_conected/src/car_cpp/src/frontier_reduction.cpp:201:13:[m[K [01;31m[Kerror: [m[Kâ€˜[01m[KeuclideanDistance[m[Kâ€™ was not declared in this scope
  201 |         if ([01;31m[KeuclideanDistance[m[K(pt, centroid) < CLUSTER_DISTANCE_THRESHOLD) {
      |             [01;31m[K^~~~~~~~~~~~~~~~~[m[K
[01m[K/home/rhobtor/reactive/Reactive-Navegation/workspace_full_conected/src/car_cpp/src/frontier_reduction.cpp:224:15:[m[K [01;31m[Kerror: [m[Kâ€˜[01m[KeuclideanDistance[m[Kâ€™ was not declared in this scope
  224 |           if ([01;31m[KeuclideanDistance[m[K(centroid, obs_pose.position) < SAFE_DISTANCE_THRESHOLD) {
      |               [01;31m[K^~~~~~~~~~~~~~~~~[m[K
gmake[2]: *** [CMakeFiles/frontier_reduction.dir/build.make:76: CMakeFiles/frontier_reduction.dir/src/frontier_reduction.cpp.o] Error 1
gmake[1]: *** [CMakeFiles/Makefile2:255: CMakeFiles/frontier_reduction.dir/all] Error 2
gmake: *** [Makefile:146: all] Error 2
