[0.171s] Invoking command in '/home/rhobtor/reactive/Reactive-Navegation/workspace_full_conected/build/car_cpp': CMAKE_PREFIX_PATH=/home/rhobtor/reactive/Reactive-Navegation/workspace_full_conected/install/car_interfaces:/home/rhobtor/reactive/Reactive-Navegation/workspace_full_conected/install/octomap_mapping:/home/rhobtor/reactive/Reactive-Navegation/workspace_full_conected/install/octomap_server:/home/rhobtor/reactive/Reactive-Navegation/workspace_full_conected/install/octomap_rviz_plugins:/home/rhobtor/reactive/Reactive-Navegation/workspace_full_conected/install/hector_gazebo_plugins:/home/rhobtor/reactive/Reactive-Navegation/workspace_full_conected/install/car_cpp:/home/rhobtor/reactive/Reactive-Navegation/workspace_full_conected/install/car:/opt/ros/humble LD_LIBRARY_PATH=/home/rhobtor/reactive/Reactive-Navegation/workspace_full_conected/install/car_interfaces/lib:/home/rhobtor/reactive/Reactive-Navegation/workspace_full_conected/install/octomap_server/lib:/home/rhobtor/reactive/Reactive-Navegation/workspace_full_conected/install/octomap_rviz_plugins/lib:/home/rhobtor/reactive/Reactive-Navegation/workspace_full_conected/install/hector_gazebo_plugins/lib:/home/rhobtor/reactive/Reactive-Navegation/workspace_full_conected/install/car_cpp/lib:/usr/lib/x86_64-linux-gnu/gazebo-11/plugins:/opt/ros/humble/opt/rviz_ogre_vendor/lib:/opt/ros/humble/lib/x86_64-linux-gnu:/opt/ros/humble/lib /usr/bin/cmake --build /home/rhobtor/reactive/Reactive-Navegation/workspace_full_conected/build/car_cpp -- -j20 -l20
[0.209s] [35m[1mConsolidate compiler generated dependencies of target frontier_reduction[0m
[0.230s] [  2%] [32mBuilding CXX object CMakeFiles/frontier_reduction.dir/src/frontier_reduction.cpp.o[0m
[0.230s] [  7%] Built target navigation_nodes
[0.230s] [ 16%] Built target camera_filter
[0.230s] [ 16%] Built target ground_remove
[0.231s] [ 21%] Built target map_measure
[0.231s] [ 26%] Built target frontier_nodes
[0.231s] [ 30%] Built target navigation_nodes_ground
[0.232s] [ 45%] Built target 2D_graph
[0.232s] [ 45%] Built target frontiers_values
[0.232s] [ 45%] Built target occupied_nodes_near_obstacles
[0.238s] [ 50%] Built target obstacles_in_2d
[0.239s] [ 54%] Built target check_goal
[0.239s] [ 59%] Built target create_wall
[0.240s] [ 69%] Built target check_map
[0.240s] [ 69%] Built target path_planner_node
[0.240s] [ 73%] Built target move_navigation_nodes_frontier
[0.240s] [ 78%] Built target filtered_navigation_nodes
[0.241s] [ 83%] Built target control_plugin
[0.244s] [ 88%] Built target drive_plugin
[0.244s] [ 92%] Built target joints_plugin
[0.263s] [ 97%] Built target driver_plugin
[1.856s] [01m[K/home/rhobtor/reactive/Reactive-Navegation/workspace_full_conected/src/car_cpp/src/frontier_reduction.cpp:[m[K In member function â€˜[01m[Kvoid FrontierBoundaryNode::clusterAndPublishFrontiers(const std::vector<geometry_msgs::msg::Point_<std::allocator<void> >, std::allocator<geometry_msgs::msg::Point_<std::allocator<void> > > >&)[m[Kâ€™:
[1.856s] [01m[K/home/rhobtor/reactive/Reactive-Navegation/workspace_full_conected/src/car_cpp/src/frontier_reduction.cpp:201:13:[m[K [01;31m[Kerror: [m[Kâ€˜[01m[KeuclideanDistance[m[Kâ€™ was not declared in this scope
[1.856s]   201 |         if ([01;31m[KeuclideanDistance[m[K(pt, centroid) < CLUSTER_DISTANCE_THRESHOLD) {
[1.856s]       |             [01;31m[K^~~~~~~~~~~~~~~~~[m[K
[1.863s] [01m[K/home/rhobtor/reactive/Reactive-Navegation/workspace_full_conected/src/car_cpp/src/frontier_reduction.cpp:224:15:[m[K [01;31m[Kerror: [m[Kâ€˜[01m[KeuclideanDistance[m[Kâ€™ was not declared in this scope
[1.863s]   224 |           if ([01;31m[KeuclideanDistance[m[K(centroid, obs_pose.position) < SAFE_DISTANCE_THRESHOLD) {
[1.863s]       |               [01;31m[K^~~~~~~~~~~~~~~~~[m[K
[4.094s] gmake[2]: *** [CMakeFiles/frontier_reduction.dir/build.make:76: CMakeFiles/frontier_reduction.dir/src/frontier_reduction.cpp.o] Error 1
[4.094s] gmake[1]: *** [CMakeFiles/Makefile2:255: CMakeFiles/frontier_reduction.dir/all] Error 2
[4.094s] gmake: *** [Makefile:146: all] Error 2
[4.096s] Invoked command in '/home/rhobtor/reactive/Reactive-Navegation/workspace_full_conected/build/car_cpp' returned '2': CMAKE_PREFIX_PATH=/home/rhobtor/reactive/Reactive-Navegation/workspace_full_conected/install/car_interfaces:/home/rhobtor/reactive/Reactive-Navegation/workspace_full_conected/install/octomap_mapping:/home/rhobtor/reactive/Reactive-Navegation/workspace_full_conected/install/octomap_server:/home/rhobtor/reactive/Reactive-Navegation/workspace_full_conected/install/octomap_rviz_plugins:/home/rhobtor/reactive/Reactive-Navegation/workspace_full_conected/install/hector_gazebo_plugins:/home/rhobtor/reactive/Reactive-Navegation/workspace_full_conected/install/car_cpp:/home/rhobtor/reactive/Reactive-Navegation/workspace_full_conected/install/car:/opt/ros/humble LD_LIBRARY_PATH=/home/rhobtor/reactive/Reactive-Navegation/workspace_full_conected/install/car_interfaces/lib:/home/rhobtor/reactive/Reactive-Navegation/workspace_full_conected/install/octomap_server/lib:/home/rhobtor/reactive/Reactive-Navegation/workspace_full_conected/install/octomap_rviz_plugins/lib:/home/rhobtor/reactive/Reactive-Navegation/workspace_full_conected/install/hector_gazebo_plugins/lib:/home/rhobtor/reactive/Reactive-Navegation/workspace_full_conected/install/car_cpp/lib:/usr/lib/x86_64-linux-gnu/gazebo-11/plugins:/opt/ros/humble/opt/rviz_ogre_vendor/lib:/opt/ros/humble/lib/x86_64-linux-gnu:/opt/ros/humble/lib /usr/bin/cmake --build /home/rhobtor/reactive/Reactive-Navegation/workspace_full_conected/build/car_cpp -- -j20 -l20
