[01m[K/home/rhobtor/reactive/Reactive-Navegation/workspace_full_conected/src/car_cpp/src/control_plugin.cpp:[m[K In member function â€˜[01m[Kvoid gazebo_plugins::DrivePlugin::PublishOdometry(double)[m[Kâ€™:
[01m[K/home/rhobtor/reactive/Reactive-Navegation/workspace_full_conected/src/car_cpp/src/control_plugin.cpp:334:14:[m[K [01;31m[Kerror: [m[Kdeclaration of â€˜[01m[Kdouble sim_time_sec[m[Kâ€™ shadows a parameter
  334 |       double [01;31m[Ksim_time_sec[m[K = this->now().seconds();
      |              [01;31m[K^~~~~~~~~~~~[m[K
[01m[K/home/rhobtor/reactive/Reactive-Navegation/workspace_full_conected/src/car_cpp/src/control_plugin.cpp:331:33:[m[K [01;36m[Knote: [m[Kâ€˜[01m[Kdouble sim_time_sec[m[Kâ€™ previously declared here
  331 |     void PublishOdometry([01;36m[Kdouble sim_time_sec[m[K)
      |                          [01;36m[K~~~~~~~^~~~~~~~~~~~[m[K
[01m[K/home/rhobtor/reactive/Reactive-Navegation/workspace_full_conected/src/car_cpp/src/control_plugin.cpp:334:35:[m[K [01;31m[Kerror: [m[Kâ€˜[01m[Kclass gazebo_plugins::DrivePlugin[m[Kâ€™ has no member named â€˜[01m[Know[m[Kâ€™
  334 |       double sim_time_sec = this->[01;31m[Know[m[K().seconds();
      |                                   [01;31m[K^~~[m[K
[01m[K/home/rhobtor/reactive/Reactive-Navegation/workspace_full_conected/src/car_cpp/src/control_plugin.cpp:337:31:[m[K [01;31m[Kerror: [m[Kâ€˜[01m[Krcl_time[m[Kâ€™ was not declared in this scope; did you mean â€˜[01m[Krcl_take[m[Kâ€™?
  337 |       odom_msg.header.stamp = [01;31m[Krcl_time[m[K.to_msg();
      |                               [01;31m[K^~~~~~~~[m[K
      |                               [32m[Krcl_take[m[K
[01m[K/home/rhobtor/reactive/Reactive-Navegation/workspace_full_conected/src/car_cpp/src/control_plugin.cpp:345:9:[m[K [01;31m[Kerror: [m[Kâ€˜[01m[Kq[m[Kâ€™ was not declared in this scope
  345 |         [01;31m[Kq[m[K.setRPY(roll, pitch, yaw);
      |         [01;31m[K^[m[K
[01m[K/home/rhobtor/reactive/Reactive-Navegation/workspace_full_conected/src/car_cpp/src/control_plugin.cpp:364:35:[m[K [01;31m[Kerror: [m[Kâ€˜[01m[Kclass gazebo_plugins::DrivePlugin[m[Kâ€™ has no member named â€˜[01m[Know[m[Kâ€™
  364 |       tf_msg.header.stamp = this->[01;31m[Know[m[K();
      |                                   [01;31m[K^~~[m[K
[01m[K/home/rhobtor/reactive/Reactive-Navegation/workspace_full_conected/src/car_cpp/src/control_plugin.cpp:[m[K In member function â€˜[01m[Kvoid gazebo_plugins::DrivePlugin::PublishOdometry(double)[m[Kâ€™:
[01m[K/home/rhobtor/reactive/Reactive-Navegation/workspace_full_conected/src/car_cpp/src/control_plugin.cpp:334:14:[m[K [01;31m[Kerror: [m[Kdeclaration of â€˜[01m[Kdouble sim_time_sec[m[Kâ€™ shadows a parameter
  334 |       double [01;31m[Ksim_time_sec[m[K = this->now().seconds();
      |              [01;31m[K^~~~~~~~~~~~[m[K
[01m[K/home/rhobtor/reactive/Reactive-Navegation/workspace_full_conected/src/car_cpp/src/control_plugin.cpp:331:33:[m[K [01;36m[Knote: [m[Kâ€˜[01m[Kdouble sim_time_sec[m[Kâ€™ previously declared here
  331 |     void PublishOdometry([01;36m[Kdouble sim_time_sec[m[K)
      |                          [01;36m[K~~~~~~~^~~~~~~~~~~~[m[K
[01m[K/home/rhobtor/reactive/Reactive-Navegation/workspace_full_conected/src/car_cpp/src/control_plugin.cpp:334:35:[m[K [01;31m[Kerror: [m[Kâ€˜[01m[Kclass gazebo_plugins::DrivePlugin[m[Kâ€™ has no member named â€˜[01m[Know[m[Kâ€™
  334 |       double sim_time_sec = this->[01;31m[Know[m[K().seconds();
      |                                   [01;31m[K^~~[m[K
[01m[K/home/rhobtor/reactive/Reactive-Navegation/workspace_full_conected/src/car_cpp/src/control_plugin.cpp:337:31:[m[K [01;31m[Kerror: [m[Kâ€˜[01m[Krcl_time[m[Kâ€™ was not declared in this scope; did you mean â€˜[01m[Krcl_take[m[Kâ€™?
  337 |       odom_msg.header.stamp = [01;31m[Krcl_time[m[K.to_msg();
      |                               [01;31m[K^~~~~~~~[m[K
      |                               [32m[Krcl_take[m[K
[01m[K/home/rhobtor/reactive/Reactive-Navegation/workspace_full_conected/src/car_cpp/src/control_plugin.cpp:345:9:[m[K [01;31m[Kerror: [m[Kâ€˜[01m[Kq[m[Kâ€™ was not declared in this scope
  345 |         [01;31m[Kq[m[K.setRPY(roll, pitch, yaw);
      |         [01;31m[K^[m[K
[01m[K/home/rhobtor/reactive/Reactive-Navegation/workspace_full_conected/src/car_cpp/src/control_plugin.cpp:364:35:[m[K [01;31m[Kerror: [m[Kâ€˜[01m[Kclass gazebo_plugins::DrivePlugin[m[Kâ€™ has no member named â€˜[01m[Know[m[Kâ€™
  364 |       tf_msg.header.stamp = this->[01;31m[Know[m[K();
      |                                   [01;31m[K^~~[m[K
gmake[2]: *** [CMakeFiles/control_plugin.dir/build.make:76: CMakeFiles/control_plugin.dir/src/control_plugin.cpp.o] Error 1
gmake[1]: *** [CMakeFiles/Makefile2:251: CMakeFiles/control_plugin.dir/all] Error 2
gmake[1]: *** Waiting for unfinished jobs....
gmake[2]: *** [CMakeFiles/car_cpp.dir/build.make:104: CMakeFiles/car_cpp.dir/src/control_plugin.cpp.o] Error 1
gmake[1]: *** [CMakeFiles/Makefile2:147: CMakeFiles/car_cpp.dir/all] Error 2
gmake: *** [Makefile:146: all] Error 2
