[0.010s] Invoking command in '/home/rhobtor/reactive/Reactive-Navegation/workspace_full_conected/build/car_cpp': CMAKE_PREFIX_PATH=${CMAKE_PREFIX_PATH}:/home/rhobtor/reactive/Reactive-Navegation/workspace_full_conected/install/car:/opt/ros/humble /usr/bin/cmake --build /home/rhobtor/reactive/Reactive-Navegation/workspace_full_conected/build/car_cpp -- -j2 -l2
[0.068s] [35m[1mConsolidate compiler generated dependencies of target car_cpp[0m
[0.090s] [ 10%] Built target testo
[0.129s] [ 21%] Built target check_map
[0.137s] [ 26%] [32mBuilding CXX object CMakeFiles/car_cpp.dir/src/control_plugin.cpp.o[0m
[0.155s] [ 36%] Built target path_planner_node
[0.174s] [35m[1mConsolidate compiler generated dependencies of target control_plugin[0m
[0.197s] [ 42%] [32mBuilding CXX object CMakeFiles/control_plugin.dir/src/control_plugin.cpp.o[0m
[6.310s] [01m[K/home/rhobtor/reactive/Reactive-Navegation/workspace_full_conected/src/car_cpp/src/control_plugin.cpp:[m[K In member function â€˜[01m[Kvoid gazebo_plugins::DrivePlugin::PublishOdometry(double)[m[Kâ€™:
[6.310s] [01m[K/home/rhobtor/reactive/Reactive-Navegation/workspace_full_conected/src/car_cpp/src/control_plugin.cpp:334:14:[m[K [01;31m[Kerror: [m[Kdeclaration of â€˜[01m[Kdouble sim_time_sec[m[Kâ€™ shadows a parameter
[6.310s]   334 |       double [01;31m[Ksim_time_sec[m[K = this->now().seconds();
[6.310s]       |              [01;31m[K^~~~~~~~~~~~[m[K
[6.310s] [01m[K/home/rhobtor/reactive/Reactive-Navegation/workspace_full_conected/src/car_cpp/src/control_plugin.cpp:331:33:[m[K [01;36m[Knote: [m[Kâ€˜[01m[Kdouble sim_time_sec[m[Kâ€™ previously declared here
[6.310s]   331 |     void PublishOdometry([01;36m[Kdouble sim_time_sec[m[K)
[6.310s]       |                          [01;36m[K~~~~~~~^~~~~~~~~~~~[m[K
[6.310s] [01m[K/home/rhobtor/reactive/Reactive-Navegation/workspace_full_conected/src/car_cpp/src/control_plugin.cpp:334:35:[m[K [01;31m[Kerror: [m[Kâ€˜[01m[Kclass gazebo_plugins::DrivePlugin[m[Kâ€™ has no member named â€˜[01m[Know[m[Kâ€™
[6.310s]   334 |       double sim_time_sec = this->[01;31m[Know[m[K().seconds();
[6.310s]       |                                   [01;31m[K^~~[m[K
[6.316s] [01m[K/home/rhobtor/reactive/Reactive-Navegation/workspace_full_conected/src/car_cpp/src/control_plugin.cpp:337:31:[m[K [01;31m[Kerror: [m[Kâ€˜[01m[Krcl_time[m[Kâ€™ was not declared in this scope; did you mean â€˜[01m[Krcl_take[m[Kâ€™?
[6.316s]   337 |       odom_msg.header.stamp = [01;31m[Krcl_time[m[K.to_msg();
[6.316s]       |                               [01;31m[K^~~~~~~~[m[K
[6.316s]       |                               [32m[Krcl_take[m[K
[6.322s] [01m[K/home/rhobtor/reactive/Reactive-Navegation/workspace_full_conected/src/car_cpp/src/control_plugin.cpp:345:9:[m[K [01;31m[Kerror: [m[Kâ€˜[01m[Kq[m[Kâ€™ was not declared in this scope
[6.322s]   345 |         [01;31m[Kq[m[K.setRPY(roll, pitch, yaw);
[6.322s]       |         [01;31m[K^[m[K
[6.324s] [01m[K/home/rhobtor/reactive/Reactive-Navegation/workspace_full_conected/src/car_cpp/src/control_plugin.cpp:364:35:[m[K [01;31m[Kerror: [m[Kâ€˜[01m[Kclass gazebo_plugins::DrivePlugin[m[Kâ€™ has no member named â€˜[01m[Know[m[Kâ€™
[6.325s]   364 |       tf_msg.header.stamp = this->[01;31m[Know[m[K();
[6.325s]       |                                   [01;31m[K^~~[m[K
[6.509s] [01m[K/home/rhobtor/reactive/Reactive-Navegation/workspace_full_conected/src/car_cpp/src/control_plugin.cpp:[m[K In member function â€˜[01m[Kvoid gazebo_plugins::DrivePlugin::PublishOdometry(double)[m[Kâ€™:
[6.509s] [01m[K/home/rhobtor/reactive/Reactive-Navegation/workspace_full_conected/src/car_cpp/src/control_plugin.cpp:334:14:[m[K [01;31m[Kerror: [m[Kdeclaration of â€˜[01m[Kdouble sim_time_sec[m[Kâ€™ shadows a parameter
[6.509s]   334 |       double [01;31m[Ksim_time_sec[m[K = this->now().seconds();
[6.509s]       |              [01;31m[K^~~~~~~~~~~~[m[K
[6.509s] [01m[K/home/rhobtor/reactive/Reactive-Navegation/workspace_full_conected/src/car_cpp/src/control_plugin.cpp:331:33:[m[K [01;36m[Knote: [m[Kâ€˜[01m[Kdouble sim_time_sec[m[Kâ€™ previously declared here
[6.509s]   331 |     void PublishOdometry([01;36m[Kdouble sim_time_sec[m[K)
[6.509s]       |                          [01;36m[K~~~~~~~^~~~~~~~~~~~[m[K
[6.509s] [01m[K/home/rhobtor/reactive/Reactive-Navegation/workspace_full_conected/src/car_cpp/src/control_plugin.cpp:334:35:[m[K [01;31m[Kerror: [m[Kâ€˜[01m[Kclass gazebo_plugins::DrivePlugin[m[Kâ€™ has no member named â€˜[01m[Know[m[Kâ€™
[6.509s]   334 |       double sim_time_sec = this->[01;31m[Know[m[K().seconds();
[6.509s]       |                                   [01;31m[K^~~[m[K
[6.516s] [01m[K/home/rhobtor/reactive/Reactive-Navegation/workspace_full_conected/src/car_cpp/src/control_plugin.cpp:337:31:[m[K [01;31m[Kerror: [m[Kâ€˜[01m[Krcl_time[m[Kâ€™ was not declared in this scope; did you mean â€˜[01m[Krcl_take[m[Kâ€™?
[6.516s]   337 |       odom_msg.header.stamp = [01;31m[Krcl_time[m[K.to_msg();
[6.516s]       |                               [01;31m[K^~~~~~~~[m[K
[6.516s]       |                               [32m[Krcl_take[m[K
[6.521s] [01m[K/home/rhobtor/reactive/Reactive-Navegation/workspace_full_conected/src/car_cpp/src/control_plugin.cpp:345:9:[m[K [01;31m[Kerror: [m[Kâ€˜[01m[Kq[m[Kâ€™ was not declared in this scope
[6.522s]   345 |         [01;31m[Kq[m[K.setRPY(roll, pitch, yaw);
[6.522s]       |         [01;31m[K^[m[K
[6.522s] [01m[K/home/rhobtor/reactive/Reactive-Navegation/workspace_full_conected/src/car_cpp/src/control_plugin.cpp:364:35:[m[K [01;31m[Kerror: [m[Kâ€˜[01m[Kclass gazebo_plugins::DrivePlugin[m[Kâ€™ has no member named â€˜[01m[Know[m[Kâ€™
[6.522s]   364 |       tf_msg.header.stamp = this->[01;31m[Know[m[K();
[6.522s]       |                                   [01;31m[K^~~[m[K
[10.399s] gmake[2]: *** [CMakeFiles/control_plugin.dir/build.make:76: CMakeFiles/control_plugin.dir/src/control_plugin.cpp.o] Error 1
[10.400s] gmake[1]: *** [CMakeFiles/Makefile2:251: CMakeFiles/control_plugin.dir/all] Error 2
[10.400s] gmake[1]: *** Waiting for unfinished jobs....
[10.536s] gmake[2]: *** [CMakeFiles/car_cpp.dir/build.make:104: CMakeFiles/car_cpp.dir/src/control_plugin.cpp.o] Error 1
[10.537s] gmake[1]: *** [CMakeFiles/Makefile2:147: CMakeFiles/car_cpp.dir/all] Error 2
[10.537s] gmake: *** [Makefile:146: all] Error 2
[10.539s] Invoked command in '/home/rhobtor/reactive/Reactive-Navegation/workspace_full_conected/build/car_cpp' returned '2': CMAKE_PREFIX_PATH=${CMAKE_PREFIX_PATH}:/home/rhobtor/reactive/Reactive-Navegation/workspace_full_conected/install/car:/opt/ros/humble /usr/bin/cmake --build /home/rhobtor/reactive/Reactive-Navegation/workspace_full_conected/build/car_cpp -- -j2 -l2
