/usr/bin/ld: CMakeFiles/testo.dir/src/testo.cpp.o: in function `OdomTFPublisher::timer_callback()':
testo.cpp:(.text._ZN15OdomTFPublisher14timer_callbackEv[_ZN15OdomTFPublisher14timer_callbackEv]+0x353): undefined reference to `tf2_ros::TransformBroadcaster::sendTransform(geometry_msgs::msg::TransformStamped_<std::allocator<void> > const&)'
/usr/bin/ld: CMakeFiles/testo.dir/src/testo.cpp.o: in function `std::enable_if<rosidl_generator_traits::is_message<tf2_msgs::msg::TFMessage_<std::allocator<void> > >::value, rosidl_message_type_support_t const&>::type rclcpp::get_message_type_support_handle<tf2_msgs::msg::TFMessage_<std::allocator<void> > >()':
testo.cpp:(.text._ZN6rclcpp31get_message_type_support_handleIN8tf2_msgs3msg10TFMessage_ISaIvEEEEENSt9enable_ifIXsrN23rosidl_generator_traits10is_messageIT_EE5valueERK29rosidl_message_type_support_tE4typeEv[_ZN6rclcpp31get_message_type_support_handleIN8tf2_msgs3msg10TFMessage_ISaIvEEEEENSt9enable_ifIXsrN23rosidl_generator_traits10is_messageIT_EE5valueERK29rosidl_message_type_support_tE4typeEv]+0x10): undefined reference to `rosidl_message_type_support_t const* rosidl_typesupport_cpp::get_message_type_support_handle<tf2_msgs::msg::TFMessage_<std::allocator<void> > >()'
collect2: error: ld returned 1 exit status
gmake[2]: *** [CMakeFiles/testo.dir/build.make:400: testo] Error 1
gmake[1]: *** [CMakeFiles/Makefile2:173: CMakeFiles/testo.dir/all] Error 2
gmake: *** [Makefile:146: all] Error 2
