[01m[K/home/rhobtor/reactive/Reactive-Navegation/workspace_full_conected/src/car_cpp/src/obstacles_in_2d.cpp:[m[K In constructor â€˜[01m[KOctomapNavigationNodes::OctomapNavigationNodes()[m[Kâ€™:
[01m[K/home/rhobtor/reactive/Reactive-Navegation/workspace_full_conected/src/car_cpp/src/obstacles_in_2d.cpp:235:61:[m[K [01;31m[Kerror: [m[Kno matching function for call to â€˜[01m[Ktf2_ros::Buffer::Buffer()[m[Kâ€™
  235 |   OctomapNavigationNodes() : Node("octomap_navigation_nodes"[01;31m[K)[m[K
      |                                                             [01;31m[K^[m[K
In file included from [01m[K/home/rhobtor/reactive/Reactive-Navegation/workspace_full_conected/src/car_cpp/src/obstacles_in_2d.cpp:217[m[K:
[01m[K/opt/ros/humble/include/tf2_ros/buffer.h:73:18:[m[K [01;36m[Knote: [m[Kcandidate: â€˜[01m[Ktf2_ros::Buffer::Buffer(rclcpp::Clock::SharedPtr, tf2::Duration, rclcpp::Node::SharedPtr)[m[Kâ€™
   73 |   TF2_ROS_PUBLIC [01;36m[KBuffer[m[K(
      |                  [01;36m[K^~~~~~[m[K
[01m[K/opt/ros/humble/include/tf2_ros/buffer.h:73:18:[m[K [01;36m[Knote: [m[K  candidate expects 3 arguments, 0 provided
gmake[2]: *** [CMakeFiles/obstacles_in_2d.dir/build.make:76: CMakeFiles/obstacles_in_2d.dir/src/obstacles_in_2d.cpp.o] Error 1
gmake[1]: *** [CMakeFiles/Makefile2:461: CMakeFiles/obstacles_in_2d.dir/all] Error 2
gmake: *** [Makefile:146: all] Error 2
