[0.008s] Invoking command in '/home/rhobtor/reactive/Reactive-Navegation/workspace_full_conected/build/car_cpp': CMAKE_PREFIX_PATH=${CMAKE_PREFIX_PATH}:/home/rhobtor/reactive/Reactive-Navegation/workspace_full_conected/install/car:/opt/ros/humble /usr/bin/cmake --build /home/rhobtor/reactive/Reactive-Navegation/workspace_full_conected/build/car_cpp -- -j2 -l2
[0.070s] [35m[1mConsolidate compiler generated dependencies of target car_cpp[0m
[0.089s] [ 10%] Built target testo
[0.121s] [ 15%] [32mBuilding CXX object CMakeFiles/car_cpp.dir/src/control_plugin.cpp.o[0m
[0.141s] [ 26%] Built target check_map
[0.186s] [ 36%] Built target path_planner_node
[0.217s] [35m[1mConsolidate compiler generated dependencies of target control_plugin[0m
[0.265s] [ 42%] [32mBuilding CXX object CMakeFiles/control_plugin.dir/src/control_plugin.cpp.o[0m
[6.287s] [01m[K/home/rhobtor/reactive/Reactive-Navegation/workspace_full_conected/src/car_cpp/src/control_plugin.cpp:[m[K In member function â€˜[01m[Kvoid gazebo_plugins::DrivePlugin::InitJoints(sdf::v9::ElementPtr)[m[Kâ€™:
[6.287s] [01m[K/home/rhobtor/reactive/Reactive-Navegation/workspace_full_conected/src/car_cpp/src/control_plugin.cpp:263:13:[m[K [01;31m[Kerror: [m[Kâ€˜[01m[Kclass gazebo_plugins::DrivePlugin[m[Kâ€™ has no member named â€˜[01m[Kleft_back_wheel_joint_[m[Kâ€™; did you mean â€˜[01m[Kleft_front_wheel_joint_[m[Kâ€™?
[6.287s]   263 |       this->[01;31m[Kleft_back_wheel_joint_[m[K   = model_->GetJoint("back_left_wheel_joint");
[6.287s]       |             [01;31m[K^~~~~~~~~~~~~~~~~~~~~~[m[K
[6.287s]       |             [32m[Kleft_front_wheel_joint_[m[K
[6.288s] [01m[K/home/rhobtor/reactive/Reactive-Navegation/workspace_full_conected/src/car_cpp/src/control_plugin.cpp:264:13:[m[K [01;31m[Kerror: [m[Kâ€˜[01m[Kclass gazebo_plugins::DrivePlugin[m[Kâ€™ has no member named â€˜[01m[Kright_back_wheel_joint_[m[Kâ€™; did you mean â€˜[01m[Kright_front_wheel_joint_[m[Kâ€™?
[6.288s]   264 |       this->[01;31m[Kright_back_wheel_joint_[m[K  = model_->GetJoint("back_right_wheel_joint");
[6.288s]       |             [01;31m[K^~~~~~~~~~~~~~~~~~~~~~~[m[K
[6.288s]       |             [32m[Kright_front_wheel_joint_[m[K
[6.301s] [01m[K/home/rhobtor/reactive/Reactive-Navegation/workspace_full_conected/src/car_cpp/src/control_plugin.cpp:266:12:[m[K [01;31m[Kerror: [m[Kâ€˜[01m[Kleft_back_wheel_joint_[m[Kâ€™ was not declared in this scope; did you mean â€˜[01m[Kleft_front_wheel_joint_[m[Kâ€™?
[6.301s]   266 |       if (![01;31m[Kleft_back_wheel_joint_[m[K || !right_back_wheel_joint_)
[6.301s]       |            [01;31m[K^~~~~~~~~~~~~~~~~~~~~~[m[K
[6.301s]       |            [32m[Kleft_front_wheel_joint_[m[K
[6.318s] [01m[K/home/rhobtor/reactive/Reactive-Navegation/workspace_full_conected/src/car_cpp/src/control_plugin.cpp:266:39:[m[K [01;31m[Kerror: [m[Kâ€˜[01m[Kright_back_wheel_joint_[m[Kâ€™ was not declared in this scope; did you mean â€˜[01m[Kright_front_wheel_joint_[m[Kâ€™?
[6.318s]   266 |       if (!left_back_wheel_joint_ || ![01;31m[Kright_back_wheel_joint_[m[K)
[6.318s]       |                                       [01;31m[K^~~~~~~~~~~~~~~~~~~~~~~[m[K
[6.318s]       |                                       [32m[Kright_front_wheel_joint_[m[K
[6.320s] [01m[K/home/rhobtor/reactive/Reactive-Navegation/workspace_full_conected/src/car_cpp/src/control_plugin.cpp:[m[K In member function â€˜[01m[Kvoid gazebo_plugins::DrivePlugin::InitJoints(sdf::v9::ElementPtr)[m[Kâ€™:
[6.320s] [01m[K/home/rhobtor/reactive/Reactive-Navegation/workspace_full_conected/src/car_cpp/src/control_plugin.cpp:263:13:[m[K [01;31m[Kerror: [m[Kâ€˜[01m[Kclass gazebo_plugins::DrivePlugin[m[Kâ€™ has no member named â€˜[01m[Kleft_back_wheel_joint_[m[Kâ€™; did you mean â€˜[01m[Kleft_front_wheel_joint_[m[Kâ€™?
[6.320s]   263 |       this->[01;31m[Kleft_back_wheel_joint_[m[K   = model_->GetJoint("back_left_wheel_joint");
[6.320s]       |             [01;31m[K^~~~~~~~~~~~~~~~~~~~~~[m[K
[6.320s]       |             [32m[Kleft_front_wheel_joint_[m[K
[6.321s] [01m[K/home/rhobtor/reactive/Reactive-Navegation/workspace_full_conected/src/car_cpp/src/control_plugin.cpp:264:13:[m[K [01;31m[Kerror: [m[Kâ€˜[01m[Kclass gazebo_plugins::DrivePlugin[m[Kâ€™ has no member named â€˜[01m[Kright_back_wheel_joint_[m[Kâ€™; did you mean â€˜[01m[Kright_front_wheel_joint_[m[Kâ€™?
[6.321s]   264 |       this->[01;31m[Kright_back_wheel_joint_[m[K  = model_->GetJoint("back_right_wheel_joint");
[6.321s]       |             [01;31m[K^~~~~~~~~~~~~~~~~~~~~~~[m[K
[6.321s]       |             [32m[Kright_front_wheel_joint_[m[K
[6.332s] [01m[K/home/rhobtor/reactive/Reactive-Navegation/workspace_full_conected/src/car_cpp/src/control_plugin.cpp:[m[K In member function â€˜[01m[Kvoid gazebo_plugins::DrivePlugin::OnUpdate()[m[Kâ€™:
[6.332s] [01m[K/home/rhobtor/reactive/Reactive-Navegation/workspace_full_conected/src/car_cpp/src/control_plugin.cpp:311:7:[m[K [01;31m[Kerror: [m[Kâ€˜[01m[Kleft_back_wheel_joint_[m[Kâ€™ was not declared in this scope; did you mean â€˜[01m[Kleft_front_wheel_joint_[m[Kâ€™?
[6.332s]   311 |       [01;31m[Kleft_back_wheel_joint_[m[K->SetVelocity(0, left_wheel_omega);
[6.332s]       |       [01;31m[K^~~~~~~~~~~~~~~~~~~~~~[m[K
[6.332s]       |       [32m[Kleft_front_wheel_joint_[m[K
[6.334s] [01m[K/home/rhobtor/reactive/Reactive-Navegation/workspace_full_conected/src/car_cpp/src/control_plugin.cpp:266:12:[m[K [01;31m[Kerror: [m[Kâ€˜[01m[Kleft_back_wheel_joint_[m[Kâ€™ was not declared in this scope; did you mean â€˜[01m[Kleft_front_wheel_joint_[m[Kâ€™?
[6.334s]   266 |       if (![01;31m[Kleft_back_wheel_joint_[m[K || !right_back_wheel_joint_)
[6.334s]       |            [01;31m[K^~~~~~~~~~~~~~~~~~~~~~[m[K
[6.334s]       |            [32m[Kleft_front_wheel_joint_[m[K
[6.345s] [01m[K/home/rhobtor/reactive/Reactive-Navegation/workspace_full_conected/src/car_cpp/src/control_plugin.cpp:312:7:[m[K [01;31m[Kerror: [m[Kâ€˜[01m[Kright_back_wheel_joint_[m[Kâ€™ was not declared in this scope; did you mean â€˜[01m[Kright_front_wheel_joint_[m[Kâ€™?
[6.345s]   312 |       [01;31m[Kright_back_wheel_joint_[m[K->SetVelocity(0, -right_wheel_omega);
[6.345s]       |       [01;31m[K^~~~~~~~~~~~~~~~~~~~~~~[m[K
[6.345s]       |       [32m[Kright_front_wheel_joint_[m[K
[6.348s] [01m[K/home/rhobtor/reactive/Reactive-Navegation/workspace_full_conected/src/car_cpp/src/control_plugin.cpp:[m[K In member function â€˜[01m[Kvoid gazebo_plugins::DrivePlugin::PublishOdometry(double)[m[Kâ€™:
[6.348s] [01m[K/home/rhobtor/reactive/Reactive-Navegation/workspace_full_conected/src/car_cpp/src/control_plugin.cpp:334:14:[m[K [01;31m[Kerror: [m[Kdeclaration of â€˜[01m[Kdouble sim_time_sec[m[Kâ€™ shadows a parameter
[6.348s]   334 |       double [01;31m[Ksim_time_sec[m[K = this->now().seconds();
[6.348s]       |              [01;31m[K^~~~~~~~~~~~[m[K
[6.348s] [01m[K/home/rhobtor/reactive/Reactive-Navegation/workspace_full_conected/src/car_cpp/src/control_plugin.cpp:331:33:[m[K [01;36m[Knote: [m[Kâ€˜[01m[Kdouble sim_time_sec[m[Kâ€™ previously declared here
[6.348s]   331 |     void PublishOdometry([01;36m[Kdouble sim_time_sec[m[K)
[6.348s]       |                          [01;36m[K~~~~~~~^~~~~~~~~~~~[m[K
[6.348s] [01m[K/home/rhobtor/reactive/Reactive-Navegation/workspace_full_conected/src/car_cpp/src/control_plugin.cpp:334:35:[m[K [01;31m[Kerror: [m[Kâ€˜[01m[Kclass gazebo_plugins::DrivePlugin[m[Kâ€™ has no member named â€˜[01m[Know[m[Kâ€™
[6.348s]   334 |       double sim_time_sec = this->[01;31m[Know[m[K().seconds();
[6.348s]       |                                   [01;31m[K^~~[m[K
[6.348s] [01m[K/home/rhobtor/reactive/Reactive-Navegation/workspace_full_conected/src/car_cpp/src/control_plugin.cpp:266:39:[m[K [01;31m[Kerror: [m[Kâ€˜[01m[Kright_back_wheel_joint_[m[Kâ€™ was not declared in this scope; did you mean â€˜[01m[Kright_front_wheel_joint_[m[Kâ€™?
[6.348s]   266 |       if (!left_back_wheel_joint_ || ![01;31m[Kright_back_wheel_joint_[m[K)
[6.348s]       |                                       [01;31m[K^~~~~~~~~~~~~~~~~~~~~~~[m[K
[6.348s]       |                                       [32m[Kright_front_wheel_joint_[m[K
[6.352s] [01m[K/home/rhobtor/reactive/Reactive-Navegation/workspace_full_conected/src/car_cpp/src/control_plugin.cpp:337:31:[m[K [01;31m[Kerror: [m[Kâ€˜[01m[Krcl_time[m[Kâ€™ was not declared in this scope; did you mean â€˜[01m[Krcl_take[m[Kâ€™?
[6.352s]   337 |       odom_msg.header.stamp = [01;31m[Krcl_time[m[K.to_msg();
[6.352s]       |                               [01;31m[K^~~~~~~~[m[K
[6.352s]       |                               [32m[Krcl_take[m[K
[6.358s] [01m[K/home/rhobtor/reactive/Reactive-Navegation/workspace_full_conected/src/car_cpp/src/control_plugin.cpp:345:9:[m[K [01;31m[Kerror: [m[Kâ€˜[01m[Kq[m[Kâ€™ was not declared in this scope
[6.358s]   345 |         [01;31m[Kq[m[K.setRPY(roll, pitch, yaw);
[6.358s]       |         [01;31m[K^[m[K
[6.359s] [01m[K/home/rhobtor/reactive/Reactive-Navegation/workspace_full_conected/src/car_cpp/src/control_plugin.cpp:364:35:[m[K [01;31m[Kerror: [m[Kâ€˜[01m[Kclass gazebo_plugins::DrivePlugin[m[Kâ€™ has no member named â€˜[01m[Know[m[Kâ€™
[6.359s]   364 |       tf_msg.header.stamp = this->[01;31m[Know[m[K();
[6.359s]       |                                   [01;31m[K^~~[m[K
[6.362s] [01m[K/home/rhobtor/reactive/Reactive-Navegation/workspace_full_conected/src/car_cpp/src/control_plugin.cpp:[m[K In member function â€˜[01m[Kvoid gazebo_plugins::DrivePlugin::OnUpdate()[m[Kâ€™:
[6.362s] [01m[K/home/rhobtor/reactive/Reactive-Navegation/workspace_full_conected/src/car_cpp/src/control_plugin.cpp:311:7:[m[K [01;31m[Kerror: [m[Kâ€˜[01m[Kleft_back_wheel_joint_[m[Kâ€™ was not declared in this scope; did you mean â€˜[01m[Kleft_front_wheel_joint_[m[Kâ€™?
[6.362s]   311 |       [01;31m[Kleft_back_wheel_joint_[m[K->SetVelocity(0, left_wheel_omega);
[6.362s]       |       [01;31m[K^~~~~~~~~~~~~~~~~~~~~~[m[K
[6.362s]       |       [32m[Kleft_front_wheel_joint_[m[K
[6.374s] [01m[K/home/rhobtor/reactive/Reactive-Navegation/workspace_full_conected/src/car_cpp/src/control_plugin.cpp:312:7:[m[K [01;31m[Kerror: [m[Kâ€˜[01m[Kright_back_wheel_joint_[m[Kâ€™ was not declared in this scope; did you mean â€˜[01m[Kright_front_wheel_joint_[m[Kâ€™?
[6.374s]   312 |       [01;31m[Kright_back_wheel_joint_[m[K->SetVelocity(0, -right_wheel_omega);
[6.374s]       |       [01;31m[K^~~~~~~~~~~~~~~~~~~~~~~[m[K
[6.374s]       |       [32m[Kright_front_wheel_joint_[m[K
[6.374s] [01m[K/home/rhobtor/reactive/Reactive-Navegation/workspace_full_conected/src/car_cpp/src/control_plugin.cpp:[m[K In member function â€˜[01m[Kvoid gazebo_plugins::DrivePlugin::PublishOdometry(double)[m[Kâ€™:
[6.376s] [01m[K/home/rhobtor/reactive/Reactive-Navegation/workspace_full_conected/src/car_cpp/src/control_plugin.cpp:334:14:[m[K [01;31m[Kerror: [m[Kdeclaration of â€˜[01m[Kdouble sim_time_sec[m[Kâ€™ shadows a parameter
[6.376s]   334 |       double [01;31m[Ksim_time_sec[m[K = this->now().seconds();
[6.376s]       |              [01;31m[K^~~~~~~~~~~~[m[K
[6.376s] [01m[K/home/rhobtor/reactive/Reactive-Navegation/workspace_full_conected/src/car_cpp/src/control_plugin.cpp:331:33:[m[K [01;36m[Knote: [m[Kâ€˜[01m[Kdouble sim_time_sec[m[Kâ€™ previously declared here
[6.376s]   331 |     void PublishOdometry([01;36m[Kdouble sim_time_sec[m[K)
[6.376s]       |                          [01;36m[K~~~~~~~^~~~~~~~~~~~[m[K
[6.376s] [01m[K/home/rhobtor/reactive/Reactive-Navegation/workspace_full_conected/src/car_cpp/src/control_plugin.cpp:334:35:[m[K [01;31m[Kerror: [m[Kâ€˜[01m[Kclass gazebo_plugins::DrivePlugin[m[Kâ€™ has no member named â€˜[01m[Know[m[Kâ€™
[6.376s]   334 |       double sim_time_sec = this->[01;31m[Know[m[K().seconds();
[6.376s]       |                                   [01;31m[K^~~[m[K
[6.381s] [01m[K/home/rhobtor/reactive/Reactive-Navegation/workspace_full_conected/src/car_cpp/src/control_plugin.cpp:337:31:[m[K [01;31m[Kerror: [m[Kâ€˜[01m[Krcl_time[m[Kâ€™ was not declared in this scope; did you mean â€˜[01m[Krcl_take[m[Kâ€™?
[6.381s]   337 |       odom_msg.header.stamp = [01;31m[Krcl_time[m[K.to_msg();
[6.381s]       |                               [01;31m[K^~~~~~~~[m[K
[6.381s]       |                               [32m[Krcl_take[m[K
[6.386s] [01m[K/home/rhobtor/reactive/Reactive-Navegation/workspace_full_conected/src/car_cpp/src/control_plugin.cpp:345:9:[m[K [01;31m[Kerror: [m[Kâ€˜[01m[Kq[m[Kâ€™ was not declared in this scope
[6.386s]   345 |         [01;31m[Kq[m[K.setRPY(roll, pitch, yaw);
[6.386s]       |         [01;31m[K^[m[K
[6.386s] [01m[K/home/rhobtor/reactive/Reactive-Navegation/workspace_full_conected/src/car_cpp/src/control_plugin.cpp:364:35:[m[K [01;31m[Kerror: [m[Kâ€˜[01m[Kclass gazebo_plugins::DrivePlugin[m[Kâ€™ has no member named â€˜[01m[Know[m[Kâ€™
[6.386s]   364 |       tf_msg.header.stamp = this->[01;31m[Know[m[K();
[6.387s]       |                                   [01;31m[K^~~[m[K
[10.842s] gmake[2]: *** [CMakeFiles/control_plugin.dir/build.make:76: CMakeFiles/control_plugin.dir/src/control_plugin.cpp.o] Error 1
[10.842s] gmake[1]: *** [CMakeFiles/Makefile2:251: CMakeFiles/control_plugin.dir/all] Error 2
[10.842s] gmake[1]: *** Waiting for unfinished jobs....
[10.960s] gmake[2]: *** [CMakeFiles/car_cpp.dir/build.make:104: CMakeFiles/car_cpp.dir/src/control_plugin.cpp.o] Error 1
[10.962s] gmake[1]: *** [CMakeFiles/Makefile2:147: CMakeFiles/car_cpp.dir/all] Error 2
[10.962s] gmake: *** [Makefile:146: all] Error 2
[10.963s] Invoked command in '/home/rhobtor/reactive/Reactive-Navegation/workspace_full_conected/build/car_cpp' returned '2': CMAKE_PREFIX_PATH=${CMAKE_PREFIX_PATH}:/home/rhobtor/reactive/Reactive-Navegation/workspace_full_conected/install/car:/opt/ros/humble /usr/bin/cmake --build /home/rhobtor/reactive/Reactive-Navegation/workspace_full_conected/build/car_cpp -- -j2 -l2
