[35m[1mConsolidate compiler generated dependencies of target car_cpp[0m
[ 10%] Built target testo
[ 15%] [32mBuilding CXX object CMakeFiles/car_cpp.dir/src/control_plugin.cpp.o[0m
[ 26%] Built target check_map
[ 36%] Built target path_planner_node
[35m[1mConsolidate compiler generated dependencies of target control_plugin[0m
[ 42%] [32mBuilding CXX object CMakeFiles/control_plugin.dir/src/control_plugin.cpp.o[0m
[01m[K/home/rhobtor/reactive/Reactive-Navegation/workspace_full_conected/src/car_cpp/src/control_plugin.cpp:218:10:[m[K [01;31m[Kfatal error: [m[Ktf_transformations/tf_transformations.h: No such file or directory
  218 | #include [01;31m[K<tf_transformations/tf_transformations.h>[m[K
      |          [01;31m[K^~~~~~~~~~~~~~~~~~~~~~~~~~~~~~~~~~~~~~~~~[m[K
compilation terminated.
gmake[2]: *** [CMakeFiles/car_cpp.dir/build.make:104: CMakeFiles/car_cpp.dir/src/control_plugin.cpp.o] Error 1
gmake[1]: *** [CMakeFiles/Makefile2:147: CMakeFiles/car_cpp.dir/all] Error 2
gmake[1]: *** Waiting for unfinished jobs....
[01m[K/home/rhobtor/reactive/Reactive-Navegation/workspace_full_conected/src/car_cpp/src/control_plugin.cpp:218:10:[m[K [01;31m[Kfatal error: [m[Ktf_transformations/tf_transformations.h: No such file or directory
  218 | #include [01;31m[K<tf_transformations/tf_transformations.h>[m[K
      |          [01;31m[K^~~~~~~~~~~~~~~~~~~~~~~~~~~~~~~~~~~~~~~~~[m[K
compilation terminated.
gmake[2]: *** [CMakeFiles/control_plugin.dir/build.make:76: CMakeFiles/control_plugin.dir/src/control_plugin.cpp.o] Error 1
gmake[1]: *** [CMakeFiles/Makefile2:251: CMakeFiles/control_plugin.dir/all] Error 2
gmake: *** [Makefile:146: all] Error 2
