[0.010s] Invoking command in '/home/rhobtor/reactive/Reactive-Navegation/workspace_full_conected/build/car_cpp': CMAKE_PREFIX_PATH=${CMAKE_PREFIX_PATH}:/home/rhobtor/reactive/Reactive-Navegation/workspace_full_conected/install/car:/opt/ros/humble /usr/bin/cmake --build /home/rhobtor/reactive/Reactive-Navegation/workspace_full_conected/build/car_cpp -- -j2 -l2
[0.064s] [35m[1mConsolidate compiler generated dependencies of target car_cpp[0m
[0.096s] [ 10%] Built target testo
[0.102s] [ 15%] [32mBuilding CXX object CMakeFiles/car_cpp.dir/src/control_plugin.cpp.o[0m
[0.147s] [ 26%] Built target check_map
[0.194s] [ 36%] Built target path_planner_node
[0.207s] [35m[1mConsolidate compiler generated dependencies of target control_plugin[0m
[0.232s] [ 42%] [32mBuilding CXX object CMakeFiles/control_plugin.dir/src/control_plugin.cpp.o[0m
[2.685s] [01m[K/home/rhobtor/reactive/Reactive-Navegation/workspace_full_conected/src/car_cpp/src/control_plugin.cpp:218:10:[m[K [01;31m[Kfatal error: [m[Ktf_transformations/tf_transformations.h: No such file or directory
[2.685s]   218 | #include [01;31m[K<tf_transformations/tf_transformations.h>[m[K
[2.685s]       |          [01;31m[K^~~~~~~~~~~~~~~~~~~~~~~~~~~~~~~~~~~~~~~~~[m[K
[2.685s] compilation terminated.
[2.696s] gmake[2]: *** [CMakeFiles/car_cpp.dir/build.make:104: CMakeFiles/car_cpp.dir/src/control_plugin.cpp.o] Error 1
[2.696s] gmake[1]: *** [CMakeFiles/Makefile2:147: CMakeFiles/car_cpp.dir/all] Error 2
[2.696s] gmake[1]: *** Waiting for unfinished jobs....
[2.714s] [01m[K/home/rhobtor/reactive/Reactive-Navegation/workspace_full_conected/src/car_cpp/src/control_plugin.cpp:218:10:[m[K [01;31m[Kfatal error: [m[Ktf_transformations/tf_transformations.h: No such file or directory
[2.714s]   218 | #include [01;31m[K<tf_transformations/tf_transformations.h>[m[K
[2.714s]       |          [01;31m[K^~~~~~~~~~~~~~~~~~~~~~~~~~~~~~~~~~~~~~~~~[m[K
[2.714s] compilation terminated.
[2.724s] gmake[2]: *** [CMakeFiles/control_plugin.dir/build.make:76: CMakeFiles/control_plugin.dir/src/control_plugin.cpp.o] Error 1
[2.724s] gmake[1]: *** [CMakeFiles/Makefile2:251: CMakeFiles/control_plugin.dir/all] Error 2
[2.724s] gmake: *** [Makefile:146: all] Error 2
[2.726s] Invoked command in '/home/rhobtor/reactive/Reactive-Navegation/workspace_full_conected/build/car_cpp' returned '2': CMAKE_PREFIX_PATH=${CMAKE_PREFIX_PATH}:/home/rhobtor/reactive/Reactive-Navegation/workspace_full_conected/install/car:/opt/ros/humble /usr/bin/cmake --build /home/rhobtor/reactive/Reactive-Navegation/workspace_full_conected/build/car_cpp -- -j2 -l2
