[ 33%] Built target car_cpp
[ 40%] Built target check_map
[ 48%] Built target path_planner_node
[ 55%] Built target control_plugin
[ 62%] Built target joints_plugin
[35m[1mConsolidate compiler generated dependencies of target drive_plugin[0m
[ 70%] Built target drive_plugin
[ 77%] Built target driver_plugin
[ 85%] Built target odometry_plugin
[ 92%] Built target testo
[35m[1mConsolidate compiler generated dependencies of target view_nodes[0m
[ 96%] [32mBuilding CXX object CMakeFiles/view_nodes.dir/src/view_nodes.cpp.o[0m
[01m[K/home/rhobtor/reactive/Reactive-Navegation/workspace_full_conected/src/car_cpp/src/view_nodes.cpp:[m[K In member function â€˜[01m[Kvoid NavigationNode::octomapCallback(octomap_msgs::msg::Octomap_<std::allocator<void> >::SharedPtr)[m[Kâ€™:
[01m[K/home/rhobtor/reactive/Reactive-Navegation/workspace_full_conected/src/car_cpp/src/view_nodes.cpp:61:7:[m[K [01;31m[Kerror: [m[Kâ€˜[01m[KransformStamped[m[Kâ€™ was not declared in this scope; did you mean â€˜[01m[KtransformStamped[m[Kâ€™?
   61 |       [01;31m[KransformStamped[m[K = tf_buffer_.lookupTransform("map", "base_link", query_time, rclcpp::Duration::from_seconds(0.1));
      |       [01;31m[K^~~~~~~~~~~~~~~[m[K
      |       [32m[KtransformStamped[m[K
gmake[2]: *** [CMakeFiles/view_nodes.dir/build.make:76: CMakeFiles/view_nodes.dir/src/view_nodes.cpp.o] Error 1
gmake[1]: *** [CMakeFiles/Makefile2:181: CMakeFiles/view_nodes.dir/all] Error 2
gmake: *** [Makefile:146: all] Error 2
