[0.213s] Invoking command in '/home/rhobtor/reactive/Reactive-Navegation/workspace_full_conected/build/car_cpp': CMAKE_PREFIX_PATH=/home/rhobtor/reactive/Reactive-Navegation/workspace_full_conected/install/car:/opt/ros/humble /usr/bin/cmake /home/rhobtor/reactive/Reactive-Navegation/workspace_full_conected/src/car_cpp -DCMAKE_INSTALL_PREFIX=/home/rhobtor/reactive/Reactive-Navegation/workspace_full_conected/install/car_cpp
[0.281s] -- The C compiler identification is GNU 11.4.0
[0.377s] -- The CXX compiler identification is GNU 11.4.0
[0.400s] -- Detecting C compiler ABI info
[0.497s] -- Detecting C compiler ABI info - done
[0.504s] -- Check for working C compiler: /usr/bin/cc - skipped
[0.505s] -- Detecting C compile features
[0.505s] -- Detecting C compile features - done
[0.509s] -- Detecting CXX compiler ABI info
[0.648s] -- Detecting CXX compiler ABI info - done
[0.655s] -- Check for working CXX compiler: /usr/bin/c++ - skipped
[0.656s] -- Detecting CXX compile features
[0.658s] -- Detecting CXX compile features - done
[0.660s] -- Found ament_cmake: 1.3.11 (/opt/ros/humble/share/ament_cmake/cmake)
[0.832s] -- Found Python3: /usr/bin/python3 (found version "3.10.12") found components: Interpreter 
[0.981s] -- Found rclcpp: 16.0.11 (/opt/ros/humble/share/rclcpp/cmake)
[1.071s] -- Found rosidl_generator_c: 3.1.6 (/opt/ros/humble/share/rosidl_generator_c/cmake)
[1.076s] -- Found rosidl_adapter: 3.1.6 (/opt/ros/humble/share/rosidl_adapter/cmake)
[1.085s] -- Found rosidl_generator_cpp: 3.1.6 (/opt/ros/humble/share/rosidl_generator_cpp/cmake)
[1.097s] -- Using all available rosidl_typesupport_c: rosidl_typesupport_fastrtps_c;rosidl_typesupport_introspection_c
[1.116s] -- Using all available rosidl_typesupport_cpp: rosidl_typesupport_fastrtps_cpp;rosidl_typesupport_introspection_cpp
[1.172s] -- Found rmw_implementation_cmake: 6.1.2 (/opt/ros/humble/share/rmw_implementation_cmake/cmake)
[1.174s] -- Found rmw_fastrtps_cpp: 6.2.7 (/opt/ros/humble/share/rmw_fastrtps_cpp/cmake)
[1.267s] -- Found OpenSSL: /usr/lib/x86_64-linux-gnu/libcrypto.so (found version "3.0.2")  
[1.292s] -- Found FastRTPS: /opt/ros/humble/include  
[1.325s] -- Using RMW implementation 'rmw_fastrtps_cpp' as default
[1.337s] -- Looking for pthread.h
[1.460s] -- Looking for pthread.h - found
[1.461s] -- Performing Test CMAKE_HAVE_LIBC_PTHREAD
[1.542s] -- Performing Test CMAKE_HAVE_LIBC_PTHREAD - Success
[1.543s] -- Found Threads: TRUE  
[1.593s] -- Found gazebo_ros: 3.7.0 (/opt/ros/humble/share/gazebo_ros/cmake)
[1.603s] -- Found PkgConfig: /usr/bin/pkg-config (found version "0.29.2") 
[1.604s] -- Checking for module 'bullet>=2.82'
[1.616s] --   Found bullet, version 3.05
[1.738s] -- Found fcl: /usr/include (found suitable version "0.7.0", minimum required is "0.5.0") 
[1.790s] -- Found assimp: /usr/include (found version "5.2.0") 
[1.804s] -- Found DART: /usr/include (Required is at least version "6.6") found components: dart 
[1.828s] -- Found Boost: /usr/lib/x86_64-linux-gnu/cmake/Boost-1.74.0/BoostConfig.cmake (found suitable version "1.74.0", minimum required is "1.40.0") found components: thread system filesystem program_options regex iostreams date_time 
[1.840s] -- Found Protobuf: /usr/lib/x86_64-linux-gnu/libprotobuf.so (found version "3.12.4") 
[1.844s] -- Looking for ignition-math6 -- found version 6.15.1
[1.850s] -- Searching for dependencies of ignition-math6
[1.852s] -- Looking for OGRE...
[1.852s] -- OGRE_PREFIX_WATCH changed.
[1.858s] -- Checking for module 'OGRE'
[1.872s] --   Found OGRE, version 1.9.0
[1.907s] -- Found Ogre Ghadamon (1.9.0)
[1.915s] -- Found OGRE: optimized;/usr/lib/x86_64-linux-gnu/libOgreMain.so;debug;/usr/lib/x86_64-linux-gnu/libOgreMain.so
[1.924s] -- Looking for OGRE_Paging...
[1.929s] -- Found OGRE_Paging: optimized;/usr/lib/x86_64-linux-gnu/libOgrePaging.so;debug;/usr/lib/x86_64-linux-gnu/libOgrePaging.so
[1.929s] -- Looking for OGRE_Terrain...
[1.936s] -- Found OGRE_Terrain: optimized;/usr/lib/x86_64-linux-gnu/libOgreTerrain.so;debug;/usr/lib/x86_64-linux-gnu/libOgreTerrain.so
[1.936s] -- Looking for OGRE_Property...
[1.943s] -- Found OGRE_Property: optimized;/usr/lib/x86_64-linux-gnu/libOgreProperty.so;debug;/usr/lib/x86_64-linux-gnu/libOgreProperty.so
[1.943s] -- Looking for OGRE_RTShaderSystem...
[1.948s] -- Found OGRE_RTShaderSystem: optimized;/usr/lib/x86_64-linux-gnu/libOgreRTShaderSystem.so;debug;/usr/lib/x86_64-linux-gnu/libOgreRTShaderSystem.so
[1.950s] -- Looking for OGRE_Volume...
[1.950s] -- Found OGRE_Volume: optimized;/usr/lib/x86_64-linux-gnu/libOgreVolume.so;debug;/usr/lib/x86_64-linux-gnu/libOgreVolume.so
[1.950s] -- Looking for OGRE_Overlay...
[1.953s] -- Found OGRE_Overlay: optimized;/usr/lib/x86_64-linux-gnu/libOgreOverlay.so;debug;/usr/lib/x86_64-linux-gnu/libOgreOverlay.so
[2.034s] -- Looking for ignition-math6 -- found version 6.15.1
[2.036s] -- Looking for ignition-transport8 -- found version 8.2.1
[2.037s] -- Searching for dependencies of ignition-transport8
[2.051s] -- Found Protobuf: /usr/lib/x86_64-linux-gnu/libprotobuf.so (found suitable version "3.12.4", minimum required is "3") 
[2.056s] -- Config-file not installed for ZeroMQ -- checking for pkg-config
[2.061s] -- Checking for module 'libzmq >= 4'
[2.079s] --   Found libzmq , version 4.3.4
[2.116s] -- Found ZeroMQ: TRUE (Required is at least version "4") 
[2.123s] -- Checking for module 'uuid'
[2.137s] --   Found uuid, version 2.37.2
[2.174s] -- Found UUID: TRUE  
[2.176s] -- Looking for ignition-msgs5 -- found version 5.8.1
[2.176s] -- Searching for dependencies of ignition-msgs5
[2.192s] -- Looking for ignition-math6 -- found version 6.15.1
[2.198s] -- Checking for module 'tinyxml2'
[2.211s] --   Found tinyxml2, version 9.0.0
[2.250s] -- Looking for ignition-msgs5 -- found version 5.8.1
[2.251s] -- Looking for ignition-common3 -- found version 3.14.0
[2.252s] -- Searching for dependencies of ignition-common3
[2.252s] -- Looking for dlfcn.h - found
[2.253s] -- Looking for libdl - found
[2.255s] -- Found DL: TRUE  
[2.265s] -- Found tinyobjloader: /usr/lib/x86_64-linux-gnu/cmake/tinyobjloader/tinyobjloader-config.cmake (found version "2.0.0") 
[2.266s] -- Searching for <ignition-common3> component [graphics]
[2.268s] -- Looking for ignition-common3-graphics -- found version 3.14.0
[2.268s] -- Searching for dependencies of ignition-common3-graphics
[2.269s] -- Looking for ignition-math6 -- found version 6.15.1
[2.271s] -- Looking for ignition-fuel_tools4 -- found version 4.4.0
[2.271s] -- Searching for dependencies of ignition-fuel_tools4
[2.349s] -- Found CURL: /usr/lib/x86_64-linux-gnu/libcurl.so (found version "7.81.0")  
[2.358s] -- Checking for module 'jsoncpp'
[2.370s] --   Found jsoncpp, version 1.9.5
[2.403s] -- Found JSONCPP: TRUE  
[2.409s] -- Checking for module 'libzip'
[2.422s] --   Found libzip, version 1.7.3
[2.465s] -- Found ZIP: TRUE  
[2.466s] -- Looking for ignition-common3 -- found version 3.14.0
[2.466s] -- Looking for ignition-math6 -- found version 6.15.1
[2.466s] -- Looking for ignition-msgs5 -- found version 5.8.1
[2.471s] -- Gazebo version: 11.10
[2.471s] -- Checking for module 'tbb'
[2.493s] --   Found tbb, version 2021.5.0
[2.542s] -- Found pluginlib: 5.1.0 (/opt/ros/humble/share/pluginlib/cmake)
[2.565s] -- Found geometry_msgs: 4.2.4 (/opt/ros/humble/share/geometry_msgs/cmake)
[2.577s] -- Found sensor_msgs: 4.2.4 (/opt/ros/humble/share/sensor_msgs/cmake)
[2.592s] -- Found octomap_msgs: 2.0.1 (/opt/ros/humble/share/octomap_msgs/cmake)
[2.604s] -- Found octomap_ros: 0.4.4 (/opt/ros/humble/share/octomap_ros/cmake)
[2.612s] -- Found pcl_conversions: 2.4.5 (/opt/ros/humble/share/pcl_conversions/cmake)
[2.646s] -- Checking for module 'eigen3'
[2.659s] --   Found eigen3, version 3.4.0
[2.691s] -- Found Eigen: /usr/include/eigen3 (Required is at least version "3.1") 
[2.691s] -- Eigen found (include: /usr/include/eigen3, version: 3.4.0)
[2.709s] -- Checking for module 'flann'
[2.723s] --   Found flann, version 1.9.1
[2.758s] -- Found FLANN: /usr/lib/x86_64-linux-gnu/libflann_cpp.so  
[2.758s] -- FLANN found (include: /usr/include, lib: /usr/lib/x86_64-linux-gnu/libflann_cpp.so)
[3.684s] -- Checking for module 'libusb-1.0'
[3.702s] --   Found libusb-1.0, version 1.0.25
[3.736s] -- Found libusb: /usr/lib/x86_64-linux-gnu/libusb-1.0.so  
[3.737s] -- OpenNI found (version: 1.5.4.0, include: /usr/include/ni, lib: /usr/lib/libOpenNI.so;libusb::libusb)
[3.813s] -- OpenNI2 found (version: 2.2.0.33, include: /usr/include/openni2, lib: /usr/lib/x86_64-linux-gnu/libOpenNI2.so;libusb::libusb)
[3.940s] -- Eigen found (include: /usr/include/eigen3, version: 3.4.0)
[3.948s] -- OpenNI found (version: 1.5.4.0, include: /usr/include/ni, lib: /usr/lib/libOpenNI.so;libusb::libusb)
[3.953s] -- OpenNI2 found (version: 2.2.0.33, include: /usr/include/openni2, lib: /usr/lib/x86_64-linux-gnu/libOpenNI2.so;libusb::libusb)
[4.069s] -- Found Qhull version 8.0.2
[4.194s] -- OpenNI found (version: 1.5.4.0, include: /usr/include/ni, lib: /usr/lib/libOpenNI.so;libusb::libusb)
[4.300s] -- Found PCL_COMMON: /usr/lib/x86_64-linux-gnu/libpcl_common.so  
[4.300s] -- Found PCL_KDTREE: /usr/lib/x86_64-linux-gnu/libpcl_kdtree.so  
[4.301s] -- Found PCL_OCTREE: /usr/lib/x86_64-linux-gnu/libpcl_octree.so  
[4.302s] -- Found PCL_SEARCH: /usr/lib/x86_64-linux-gnu/libpcl_search.so  
[4.303s] -- Found PCL_SAMPLE_CONSENSUS: /usr/lib/x86_64-linux-gnu/libpcl_sample_consensus.so  
[4.303s] -- Found PCL_FILTERS: /usr/lib/x86_64-linux-gnu/libpcl_filters.so  
[4.304s] -- Found PCL_2D: /usr/include/pcl-1.12  
[4.304s] -- Found PCL_GEOMETRY: /usr/include/pcl-1.12  
[4.307s] -- Found PCL_IO: /usr/lib/x86_64-linux-gnu/libpcl_io.so  
[4.307s] -- Found PCL_FEATURES: /usr/lib/x86_64-linux-gnu/libpcl_features.so  
[4.307s] -- Found PCL_ML: /usr/lib/x86_64-linux-gnu/libpcl_ml.so  
[4.309s] -- Found PCL_SEGMENTATION: /usr/lib/x86_64-linux-gnu/libpcl_segmentation.so  
[4.309s] -- Found PCL_VISUALIZATION: /usr/lib/x86_64-linux-gnu/libpcl_visualization.so  
[4.309s] -- Found PCL_SURFACE: /usr/lib/x86_64-linux-gnu/libpcl_surface.so  
[4.309s] -- Found PCL_REGISTRATION: /usr/lib/x86_64-linux-gnu/libpcl_registration.so  
[4.310s] -- Found PCL_KEYPOINTS: /usr/lib/x86_64-linux-gnu/libpcl_keypoints.so  
[4.311s] -- Found PCL_TRACKING: /usr/lib/x86_64-linux-gnu/libpcl_tracking.so  
[4.312s] -- Found PCL_RECOGNITION: /usr/lib/x86_64-linux-gnu/libpcl_recognition.so  
[4.312s] -- Found PCL_STEREO: /usr/lib/x86_64-linux-gnu/libpcl_stereo.so  
[4.313s] -- Found PCL_APPS: /usr/lib/x86_64-linux-gnu/libpcl_apps.so  
[4.314s] -- Found PCL_IN_HAND_SCANNER: /usr/include/pcl-1.12  
[4.314s] -- Found PCL_MODELER: /usr/include/pcl-1.12  
[4.315s] -- Found PCL_POINT_CLOUD_EDITOR: /usr/include/pcl-1.12  
[4.315s] -- Found PCL_OUTOFCORE: /usr/lib/x86_64-linux-gnu/libpcl_outofcore.so  
[4.316s] -- Found PCL_PEOPLE: /usr/lib/x86_64-linux-gnu/libpcl_people.so  
[4.319s] -- Found visualization_msgs: 4.2.4 (/opt/ros/humble/share/visualization_msgs/cmake)
[4.335s] -- Found nav_msgs: 4.2.4 (/opt/ros/humble/share/nav_msgs/cmake)
[4.412s] -- Configuring done
[4.480s] -- Generating done
[4.491s] -- Build files have been written to: /home/rhobtor/reactive/Reactive-Navegation/workspace_full_conected/build/car_cpp
[4.510s] Invoked command in '/home/rhobtor/reactive/Reactive-Navegation/workspace_full_conected/build/car_cpp' returned '0': CMAKE_PREFIX_PATH=/home/rhobtor/reactive/Reactive-Navegation/workspace_full_conected/install/car:/opt/ros/humble /usr/bin/cmake /home/rhobtor/reactive/Reactive-Navegation/workspace_full_conected/src/car_cpp -DCMAKE_INSTALL_PREFIX=/home/rhobtor/reactive/Reactive-Navegation/workspace_full_conected/install/car_cpp
[4.512s] Invoking command in '/home/rhobtor/reactive/Reactive-Navegation/workspace_full_conected/build/car_cpp': CMAKE_PREFIX_PATH=/home/rhobtor/reactive/Reactive-Navegation/workspace_full_conected/install/car:/opt/ros/humble /usr/bin/cmake --build /home/rhobtor/reactive/Reactive-Navegation/workspace_full_conected/build/car_cpp -- -j2 -l2
[4.564s] [  9%] [32mBuilding CXX object CMakeFiles/car_cpp.dir/src/check_map.cpp.o[0m
[4.568s] [ 18%] [32mBuilding CXX object CMakeFiles/car_cpp.dir/src/visualization.cpp.o[0m
[7.365s] [ 27%] [32mBuilding CXX object CMakeFiles/car_cpp.dir/src/motion.cpp.o[0m
[8.041s] [ 36%] [32mBuilding CXX object CMakeFiles/car_cpp.dir/src/control_plugin.cpp.o[0m
[12.222s] [ 45%] [32mBuilding CXX object CMakeFiles/car_cpp.dir/src/move.cpp.o[0m
[15.088s] In file included from [01m[K/home/rhobtor/reactive/Reactive-Navegation/workspace_full_conected/src/car_cpp/src/move.cpp:1[m[K:
[15.089s] [01m[K/home/rhobtor/reactive/Reactive-Navegation/workspace_full_conected/src/car_cpp/include/move_ros.hpp:35:39:[m[K [01;35m[Kwarning: [m[Kâ€˜[01m[Knav_msgs::msg::Odometry_<std::allocator<void> >::ConstPtr[m[Kâ€™ is deprecated [[01;35m[K]8;;https://gcc.gnu.org/onlinedocs/gcc/Warning-Options.html#index-Wdeprecated-declarations-Wdeprecated-declarations]8;;[m[K]
[15.089s]    35 |     nav_msgs::msg::Odometry::ConstPtr [01;35m[Kodometry[m[K;
[15.089s]       |                                       [01;35m[K^~~~~~~~[m[K
[15.089s] In file included from [01m[K/opt/ros/humble/include/nav_msgs/nav_msgs/msg/odometry.hpp:7[m[K,
[15.089s]                  from [01m[K/home/rhobtor/reactive/Reactive-Navegation/workspace_full_conected/src/car_cpp/include/move_ros.hpp:4[m[K,
[15.089s]                  from [01m[K/home/rhobtor/reactive/Reactive-Navegation/workspace_full_conected/src/car_cpp/src/move.cpp:1[m[K:
[15.089s] [01m[K/opt/ros/humble/include/nav_msgs/nav_msgs/msg/detail/odometry__struct.hpp:146:5:[m[K [01;36m[Knote: [m[Kdeclared here
[15.089s]   146 |     [01;36m[KConstPtr[m[K;
[15.089s]       |     [01;36m[K^~~~~~~~[m[K
[15.090s] In file included from [01m[K/home/rhobtor/reactive/Reactive-Navegation/workspace_full_conected/src/car_cpp/src/move.cpp:1[m[K:
[15.090s] [01m[K/home/rhobtor/reactive/Reactive-Navegation/workspace_full_conected/src/car_cpp/include/move_ros.hpp:96:81:[m[K [01;35m[Kwarning: [m[Kâ€˜[01m[Koctomap_msgs::msg::Octomap_<std::allocator<void> >::ConstPtr[m[Kâ€™ is deprecated [[01;35m[K]8;;https://gcc.gnu.org/onlinedocs/gcc/Warning-Options.html#index-Wdeprecated-declarations-Wdeprecated-declarations]8;;[m[K]
[15.090s]    96 | tomapCallback(const octomap_msgs::msg::Octomap::ConstPtr& octomap_msg[01;35m[K)[m[K;
[15.090s]       |                                                                      [01;35m[K^[m[K
[15.090s] 
[15.090s] In file included from [01m[K/opt/ros/humble/include/octomap_msgs/octomap_msgs/msg/octomap.hpp:7[m[K,
[15.090s]                  from [01m[K/home/rhobtor/reactive/Reactive-Navegation/workspace_full_conected/src/car_cpp/include/move_ros.hpp:5[m[K,
[15.091s]                  from [01m[K/home/rhobtor/reactive/Reactive-Navegation/workspace_full_conected/src/car_cpp/src/move.cpp:1[m[K:
[15.091s] [01m[K/opt/ros/humble/include/octomap_msgs/octomap_msgs/msg/detail/octomap__struct.hpp:151:5:[m[K [01;36m[Knote: [m[Kdeclared here
[15.091s]   151 |     [01;36m[KConstPtr[m[K;
[15.091s]       |     [01;36m[K^~~~~~~~[m[K
[15.091s] In file included from [01m[K/home/rhobtor/reactive/Reactive-Navegation/workspace_full_conected/src/car_cpp/src/move.cpp:1[m[K:
[15.091s] [01m[K/home/rhobtor/reactive/Reactive-Navegation/workspace_full_conected/src/car_cpp/include/move_ros.hpp:97:77:[m[K [01;35m[Kwarning: [m[Kâ€˜[01m[Knav_msgs::msg::Odometry_<std::allocator<void> >::ConstPtr[m[Kâ€™ is deprecated [[01;35m[K]8;;https://gcc.gnu.org/onlinedocs/gcc/Warning-Options.html#index-Wdeprecated-declarations-Wdeprecated-declarations]8;;[m[K]
[15.091s]    97 | d odometryCallback(const nav_msgs::msg::Odometry::ConstPtr& odometry_[01;35m[K)[m[K;
[15.092s]       |                                                                      [01;35m[K^[m[K
[15.092s] 
[15.092s] In file included from [01m[K/opt/ros/humble/include/nav_msgs/nav_msgs/msg/odometry.hpp:7[m[K,
[15.092s]                  from [01m[K/home/rhobtor/reactive/Reactive-Navegation/workspace_full_conected/src/car_cpp/include/move_ros.hpp:4[m[K,
[15.092s]                  from [01m[K/home/rhobtor/reactive/Reactive-Navegation/workspace_full_conected/src/car_cpp/src/move.cpp:1[m[K:
[15.092s] [01m[K/opt/ros/humble/include/nav_msgs/nav_msgs/msg/detail/odometry__struct.hpp:146:5:[m[K [01;36m[Knote: [m[Kdeclared here
[15.092s]   146 |     [01;36m[KConstPtr[m[K;
[15.092s]       |     [01;36m[K^~~~~~~~[m[K
[15.620s] [ 54%] [32mBuilding CXX object CMakeFiles/car_cpp.dir/src/move_ros.cpp.o[0m
[18.248s] In file included from [01m[K/home/rhobtor/reactive/Reactive-Navegation/workspace_full_conected/src/car_cpp/src/move_ros.cpp:1[m[K:
[18.249s] [01m[K/home/rhobtor/reactive/Reactive-Navegation/workspace_full_conected/src/car_cpp/include/move_ros.hpp:35:39:[m[K [01;35m[Kwarning: [m[Kâ€˜[01m[Knav_msgs::msg::Odometry_<std::allocator<void> >::ConstPtr[m[Kâ€™ is deprecated [[01;35m[K]8;;https://gcc.gnu.org/onlinedocs/gcc/Warning-Options.html#index-Wdeprecated-declarations-Wdeprecated-declarations]8;;[m[K]
[18.249s]    35 |     nav_msgs::msg::Odometry::ConstPtr [01;35m[Kodometry[m[K;
[18.249s]       |                                       [01;35m[K^~~~~~~~[m[K
[18.249s] In file included from [01m[K/opt/ros/humble/include/nav_msgs/nav_msgs/msg/odometry.hpp:7[m[K,
[18.249s]                  from [01m[K/home/rhobtor/reactive/Reactive-Navegation/workspace_full_conected/src/car_cpp/include/move_ros.hpp:4[m[K,
[18.249s]                  from [01m[K/home/rhobtor/reactive/Reactive-Navegation/workspace_full_conected/src/car_cpp/src/move_ros.cpp:1[m[K:
[18.249s] [01m[K/opt/ros/humble/include/nav_msgs/nav_msgs/msg/detail/odometry__struct.hpp:146:5:[m[K [01;36m[Knote: [m[Kdeclared here
[18.249s]   146 |     [01;36m[KConstPtr[m[K;
[18.249s]       |     [01;36m[K^~~~~~~~[m[K
[18.251s] In file included from [01m[K/home/rhobtor/reactive/Reactive-Navegation/workspace_full_conected/src/car_cpp/src/move_ros.cpp:1[m[K:
[18.251s] [01m[K/home/rhobtor/reactive/Reactive-Navegation/workspace_full_conected/src/car_cpp/include/move_ros.hpp:96:81:[m[K [01;35m[Kwarning: [m[Kâ€˜[01m[Koctomap_msgs::msg::Octomap_<std::allocator<void> >::ConstPtr[m[Kâ€™ is deprecated [[01;35m[K]8;;https://gcc.gnu.org/onlinedocs/gcc/Warning-Options.html#index-Wdeprecated-declarations-Wdeprecated-declarations]8;;[m[K]
[18.251s]    96 | tomapCallback(const octomap_msgs::msg::Octomap::ConstPtr& octomap_msg[01;35m[K)[m[K;
[18.251s]       |                                                                      [01;35m[K^[m[K
[18.251s] 
[18.251s] In file included from [01m[K/opt/ros/humble/include/octomap_msgs/octomap_msgs/msg/octomap.hpp:7[m[K,
[18.251s]                  from [01m[K/home/rhobtor/reactive/Reactive-Navegation/workspace_full_conected/src/car_cpp/include/move_ros.hpp:5[m[K,
[18.251s]                  from [01m[K/home/rhobtor/reactive/Reactive-Navegation/workspace_full_conected/src/car_cpp/src/move_ros.cpp:1[m[K:
[18.251s] [01m[K/opt/ros/humble/include/octomap_msgs/octomap_msgs/msg/detail/octomap__struct.hpp:151:5:[m[K [01;36m[Knote: [m[Kdeclared here
[18.251s]   151 |     [01;36m[KConstPtr[m[K;
[18.251s]       |     [01;36m[K^~~~~~~~[m[K
[18.252s] In file included from [01m[K/home/rhobtor/reactive/Reactive-Navegation/workspace_full_conected/src/car_cpp/src/move_ros.cpp:1[m[K:
[18.252s] [01m[K/home/rhobtor/reactive/Reactive-Navegation/workspace_full_conected/src/car_cpp/include/move_ros.hpp:97:77:[m[K [01;35m[Kwarning: [m[Kâ€˜[01m[Knav_msgs::msg::Odometry_<std::allocator<void> >::ConstPtr[m[Kâ€™ is deprecated [[01;35m[K]8;;https://gcc.gnu.org/onlinedocs/gcc/Warning-Options.html#index-Wdeprecated-declarations-Wdeprecated-declarations]8;;[m[K]
[18.252s]    97 | d odometryCallback(const nav_msgs::msg::Odometry::ConstPtr& odometry_[01;35m[K)[m[K;
[18.252s]       |                                                                      [01;35m[K^[m[K
[18.252s] 
[18.252s] In file included from [01m[K/opt/ros/humble/include/nav_msgs/nav_msgs/msg/odometry.hpp:7[m[K,
[18.252s]                  from [01m[K/home/rhobtor/reactive/Reactive-Navegation/workspace_full_conected/src/car_cpp/include/move_ros.hpp:4[m[K,
[18.252s]                  from [01m[K/home/rhobtor/reactive/Reactive-Navegation/workspace_full_conected/src/car_cpp/src/move_ros.cpp:1[m[K:
[18.252s] [01m[K/opt/ros/humble/include/nav_msgs/nav_msgs/msg/detail/odometry__struct.hpp:146:5:[m[K [01;36m[Knote: [m[Kdeclared here
[18.252s]   146 |     [01;36m[KConstPtr[m[K;
[18.252s]       |     [01;36m[K^~~~~~~~[m[K
[18.263s] [01m[K/home/rhobtor/reactive/Reactive-Navegation/workspace_full_conected/src/car_cpp/src/move_ros.cpp:[m[K In constructor â€˜[01m[Kmove_ros::move_ros()[m[Kâ€™:
[18.263s] [01m[K/home/rhobtor/reactive/Reactive-Navegation/workspace_full_conected/src/car_cpp/src/move_ros.cpp:42:31:[m[K [01;31m[Kerror: [m[Kqualified-id in declaration before â€˜[01m[K([m[Kâ€™ token
[18.263s]    42 | void move_ros::octomapCallback[01;31m[K([m[Kconst octomap_msgs::Octomap::ConstPtr& octomap_msg)
[18.263s]       |                               [01;31m[K^[m[K
[18.263s] [01m[K/home/rhobtor/reactive/Reactive-Navegation/workspace_full_conected/src/car_cpp/src/move_ros.cpp:50:32:[m[K [01;31m[Kerror: [m[Kqualified-id in declaration before â€˜[01m[K([m[Kâ€™ token
[18.263s]    50 | void move_ros::odometryCallback[01;31m[K([m[Knav_msgs::Odometry::ConstPtr odometry_)
[18.263s]       |                                [01;31m[K^[m[K
[18.263s] [01m[K/home/rhobtor/reactive/Reactive-Navegation/workspace_full_conected/src/car_cpp/src/move_ros.cpp:55:20:[m[K [01;31m[Kerror: [m[Kqualified-id in declaration before â€˜[01m[K([m[Kâ€™ token
[18.263s]    55 | void move_ros::run [01;31m[K([m[K)
[18.263s]       |                    [01;31m[K^[m[K
[18.263s] [01m[K/home/rhobtor/reactive/Reactive-Navegation/workspace_full_conected/src/car_cpp/src/move_ros.cpp:478:22:[m[K [01;31m[Kerror: [m[Kexpected â€˜[01m[K;[m[Kâ€™ before â€˜[01m[K{[m[Kâ€™ token
[18.263s]   478 | move_ros::~move_ros()[01;31m[K{[m[K}
[18.263s]       |                      [01;31m[K^[m[K
[18.263s]       |                      [32m[K;[m[K
[18.263s] [01m[K/home/rhobtor/reactive/Reactive-Navegation/workspace_full_conected/src/car_cpp/src/move_ros.cpp:478:24:[m[K [01;31m[Kerror: [m[Kexpected â€˜[01m[K}[m[Kâ€™ at end of input
[18.263s]   478 | move_ros::~move_ros(){}
[18.263s]       |                        [01;31m[K^[m[K
[18.263s] [01m[K/home/rhobtor/reactive/Reactive-Navegation/workspace_full_conected/src/car_cpp/src/move_ros.cpp:4:1:[m[K [01;36m[Knote: [m[Kto match this â€˜[01m[K{[m[Kâ€™
[18.264s]     4 | [01;36m[K{[m[K
[18.264s]       | [01;36m[K^[m[K
[21.525s] gmake[2]: *** [CMakeFiles/car_cpp.dir/build.make:146: CMakeFiles/car_cpp.dir/src/move_ros.cpp.o] Error 1
[21.525s] gmake[2]: *** Waiting for unfinished jobs....
[23.263s] gmake[1]: *** [CMakeFiles/Makefile2:137: CMakeFiles/car_cpp.dir/all] Error 2
[23.263s] gmake: *** [Makefile:146: all] Error 2
[23.266s] Invoked command in '/home/rhobtor/reactive/Reactive-Navegation/workspace_full_conected/build/car_cpp' returned '2': CMAKE_PREFIX_PATH=/home/rhobtor/reactive/Reactive-Navegation/workspace_full_conected/install/car:/opt/ros/humble /usr/bin/cmake --build /home/rhobtor/reactive/Reactive-Navegation/workspace_full_conected/build/car_cpp -- -j2 -l2
