[35m[1mConsolidate compiler generated dependencies of target car_cpp[0m
[ 10%] Built target testo
[ 21%] Built target check_map
[ 26%] [32mBuilding CXX object CMakeFiles/car_cpp.dir/src/control_plugin.cpp.o[0m
[ 36%] Built target path_planner_node
[35m[1mConsolidate compiler generated dependencies of target control_plugin[0m
[ 42%] [32mBuilding CXX object CMakeFiles/control_plugin.dir/src/control_plugin.cpp.o[0m
[ 47%] [32m[1mLinking CXX shared library libcontrol_plugin.so[0m
[ 52%] [32m[1mLinking CXX executable car_cpp[0m
[ 52%] Built target control_plugin
[35m[1mConsolidate compiler generated dependencies of target odometry_plugin[0m
[ 63%] Built target odometry_plugin
/usr/bin/ld: CMakeFiles/car_cpp.dir/src/control_plugin.cpp.o: in function `std::enable_if<rosidl_generator_traits::is_message<tf2_msgs::msg::TFMessage_<std::allocator<void> > >::value, rosidl_message_type_support_t const&>::type rclcpp::get_message_type_support_handle<tf2_msgs::msg::TFMessage_<std::allocator<void> > >()':
control_plugin.cpp:(.text._ZN6rclcpp31get_message_type_support_handleIN8tf2_msgs3msg10TFMessage_ISaIvEEEEENSt9enable_ifIXsrN23rosidl_generator_traits10is_messageIT_EE5valueERK29rosidl_message_type_support_tE4typeEv[_ZN6rclcpp31get_message_type_support_handleIN8tf2_msgs3msg10TFMessage_ISaIvEEEEENSt9enable_ifIXsrN23rosidl_generator_traits10is_messageIT_EE5valueERK29rosidl_message_type_support_tE4typeEv]+0x10): undefined reference to `rosidl_message_type_support_t const* rosidl_typesupport_cpp::get_message_type_support_handle<tf2_msgs::msg::TFMessage_<std::allocator<void> > >()'
collect2: error: ld returned 1 exit status
gmake[2]: *** [CMakeFiles/car_cpp.dir/build.make:512: car_cpp] Error 1
gmake[1]: *** [CMakeFiles/Makefile2:147: CMakeFiles/car_cpp.dir/all] Error 2
gmake: *** [Makefile:146: all] Error 2
