[0.008s] Invoking command in '/home/rhobtor/reactive/Reactive-Navegation/workspace_full_conected/build/car_cpp': CMAKE_PREFIX_PATH=${CMAKE_PREFIX_PATH}:/home/rhobtor/reactive/Reactive-Navegation/workspace_full_conected/install/car:/opt/ros/humble /usr/bin/cmake --build /home/rhobtor/reactive/Reactive-Navegation/workspace_full_conected/build/car_cpp -- -j2 -l2
[0.068s] [35m[1mConsolidate compiler generated dependencies of target car_cpp[0m
[0.072s] [ 10%] Built target testo
[0.095s] [ 21%] Built target check_map
[0.119s] [ 26%] [32mBuilding CXX object CMakeFiles/car_cpp.dir/src/control_plugin.cpp.o[0m
[0.143s] [ 36%] Built target path_planner_node
[0.176s] [35m[1mConsolidate compiler generated dependencies of target control_plugin[0m
[0.224s] [ 42%] [32mBuilding CXX object CMakeFiles/control_plugin.dir/src/control_plugin.cpp.o[0m
[6.289s] [01m[K/home/rhobtor/reactive/Reactive-Navegation/workspace_full_conected/src/car_cpp/src/control_plugin.cpp:[m[K In member function â€˜[01m[Kvoid gazebo_plugins::DrivePlugin::InitJoints(sdf::v9::ElementPtr)[m[Kâ€™:
[6.290s] [01m[K/home/rhobtor/reactive/Reactive-Navegation/workspace_full_conected/src/car_cpp/src/control_plugin.cpp:77:18:[m[K [01;31m[Kerror: [m[Kâ€˜[01m[Kclass gazebo_plugins::DrivePlugin[m[Kâ€™ has no member named â€˜[01m[Kleft_front_speed_wheel_joint_[m[Kâ€™; did you mean â€˜[01m[Kleft_front_wheel_joint_[m[Kâ€™?
[6.290s]    77 |       if (!this->[01;31m[Kleft_front_speed_wheel_joint_[m[K || !this->right_front_speed_wheel_joint_)
[6.290s]       |                  [01;31m[K^~~~~~~~~~~~~~~~~~~~~~~~~~~~~[m[K
[6.290s]       |                  [32m[Kleft_front_wheel_joint_[m[K
[6.290s] [01m[K/home/rhobtor/reactive/Reactive-Navegation/workspace_full_conected/src/car_cpp/src/control_plugin.cpp:77:58:[m[K [01;31m[Kerror: [m[Kâ€˜[01m[Kclass gazebo_plugins::DrivePlugin[m[Kâ€™ has no member named â€˜[01m[Kright_front_speed_wheel_joint_[m[Kâ€™; did you mean â€˜[01m[Kright_front_wheel_joint_[m[Kâ€™?
[6.290s]    77 |       if (!this->left_front_speed_wheel_joint_ || !this->[01;31m[Kright_front_speed_wheel_joint_[m[K)
[6.291s]       |                                                          [01;31m[K^~~~~~~~~~~~~~~~~~~~~~~~~~~~~~[m[K
[6.291s]       |                                                          [32m[Kright_front_wheel_joint_[m[K
[6.335s] [01m[K/home/rhobtor/reactive/Reactive-Navegation/workspace_full_conected/src/car_cpp/src/control_plugin.cpp:[m[K In member function â€˜[01m[Kvoid gazebo_plugins::DrivePlugin::InitJoints(sdf::v9::ElementPtr)[m[Kâ€™:
[6.335s] [01m[K/home/rhobtor/reactive/Reactive-Navegation/workspace_full_conected/src/car_cpp/src/control_plugin.cpp:77:18:[m[K [01;31m[Kerror: [m[Kâ€˜[01m[Kclass gazebo_plugins::DrivePlugin[m[Kâ€™ has no member named â€˜[01m[Kleft_front_speed_wheel_joint_[m[Kâ€™; did you mean â€˜[01m[Kleft_front_wheel_joint_[m[Kâ€™?
[6.335s]    77 |       if (!this->[01;31m[Kleft_front_speed_wheel_joint_[m[K || !this->right_front_speed_wheel_joint_)
[6.335s]       |                  [01;31m[K^~~~~~~~~~~~~~~~~~~~~~~~~~~~~[m[K
[6.335s]       |                  [32m[Kleft_front_wheel_joint_[m[K
[6.335s] [01m[K/home/rhobtor/reactive/Reactive-Navegation/workspace_full_conected/src/car_cpp/src/control_plugin.cpp:77:58:[m[K [01;31m[Kerror: [m[Kâ€˜[01m[Kclass gazebo_plugins::DrivePlugin[m[Kâ€™ has no member named â€˜[01m[Kright_front_speed_wheel_joint_[m[Kâ€™; did you mean â€˜[01m[Kright_front_wheel_joint_[m[Kâ€™?
[6.335s]    77 |       if (!this->left_front_speed_wheel_joint_ || !this->[01;31m[Kright_front_speed_wheel_joint_[m[K)
[6.335s]       |                                                          [01;31m[K^~~~~~~~~~~~~~~~~~~~~~~~~~~~~~[m[K
[6.335s]       |                                                          [32m[Kright_front_wheel_joint_[m[K
[10.177s] gmake[2]: *** [CMakeFiles/car_cpp.dir/build.make:104: CMakeFiles/car_cpp.dir/src/control_plugin.cpp.o] Error 1
[10.177s] gmake[1]: *** [CMakeFiles/Makefile2:147: CMakeFiles/car_cpp.dir/all] Error 2
[10.177s] gmake[1]: *** Waiting for unfinished jobs....
[10.186s] gmake[2]: *** [CMakeFiles/control_plugin.dir/build.make:76: CMakeFiles/control_plugin.dir/src/control_plugin.cpp.o] Error 1
[10.186s] gmake[1]: *** [CMakeFiles/Makefile2:251: CMakeFiles/control_plugin.dir/all] Error 2
[10.186s] gmake: *** [Makefile:146: all] Error 2
[10.188s] Invoked command in '/home/rhobtor/reactive/Reactive-Navegation/workspace_full_conected/build/car_cpp' returned '2': CMAKE_PREFIX_PATH=${CMAKE_PREFIX_PATH}:/home/rhobtor/reactive/Reactive-Navegation/workspace_full_conected/install/car:/opt/ros/humble /usr/bin/cmake --build /home/rhobtor/reactive/Reactive-Navegation/workspace_full_conected/build/car_cpp -- -j2 -l2
