[35m[1mConsolidate compiler generated dependencies of target navigation_nodes_ground[0m
[  5%] Built target navigation_nodes
[ 11%] Built target frontier_nodes
[ 14%] [32mBuilding CXX object CMakeFiles/navigation_nodes_ground.dir/src/navigation_nodes_ground.cpp.o[0m
[35m[1mConsolidate compiler generated dependencies of target move_navigation_nodes_frontier[0m
[ 20%] Built target ground_remove
[ 26%] Built target camera_filter
[ 29%] [32mBuilding CXX object CMakeFiles/move_navigation_nodes_frontier.dir/src/move_navigation_nodes_frontier.cpp.o[0m
[ 35%] Built target frontiers_values
[ 41%] Built target map_measure
[ 47%] Built target testo
[35m[1mConsolidate compiler generated dependencies of target 2D_graph[0m
[35m[1mConsolidate compiler generated dependencies of target remove_graph_obstacles[0m
[ 52%] Built target 2D_graph
[ 55%] [32mBuilding CXX object CMakeFiles/remove_graph_obstacles.dir/src/remove_graph_obstacles.cpp.o[0m
[ 61%] Built target check_map
[ 67%] Built target path_planner_node
[ 73%] Built target control_plugin
[ 79%] Built target joints_plugin
[ 85%] Built target drive_plugin
[ 91%] Built target driver_plugin
[01m[K/home/rhobtor/reactive/Reactive-Navegation/workspace_full_conected/src/car_cpp/src/move_navigation_nodes_frontier.cpp:[m[K In member function â€˜[01m[Kvoid FrontierNavigator::controlLoop()[m[Kâ€™:
[01m[K/home/rhobtor/reactive/Reactive-Navegation/workspace_full_conected/src/car_cpp/src/move_navigation_nodes_frontier.cpp:122:73:[m[K [01;31m[Kerror: [m[Kexpected â€˜[01m[K;[m[Kâ€™ before â€˜[01m[K)[m[Kâ€™ token
  122 |                 distance_error, angle_error, linear_speed, angular_speed[01;31m[K)[m[K;
      |                                                                         [01;31m[K^[m[K
[01m[K/home/rhobtor/reactive/Reactive-Navegation/workspace_full_conected/src/car_cpp/src/remove_graph_obstacles.cpp:[m[K In constructor â€˜[01m[KGroundFilterNode::GroundFilterNode()[m[Kâ€™:
[01m[K/home/rhobtor/reactive/Reactive-Navegation/workspace_full_conected/src/car_cpp/src/remove_graph_obstacles.cpp:50:63:[m[K [01;31m[Kerror: [m[Kexpected â€˜[01m[K;[m[Kâ€™ before â€˜[01m[K)[m[Kâ€™ token
   50 |                 obstacle_filter_radius_, clustering_threshold_[01;31m[K)[m[K;
      |                                                               [01;31m[K^[m[K
gmake[2]: *** [CMakeFiles/move_navigation_nodes_frontier.dir/build.make:76: CMakeFiles/move_navigation_nodes_frontier.dir/src/move_navigation_nodes_frontier.cpp.o] Error 1
gmake[1]: *** [CMakeFiles/Makefile2:299: CMakeFiles/move_navigation_nodes_frontier.dir/all] Error 2
gmake[1]: *** Waiting for unfinished jobs....
gmake[2]: *** [CMakeFiles/remove_graph_obstacles.dir/build.make:76: CMakeFiles/remove_graph_obstacles.dir/src/remove_graph_obstacles.cpp.o] Error 1
gmake[1]: *** [CMakeFiles/Makefile2:429: CMakeFiles/remove_graph_obstacles.dir/all] Error 2
[ 94%] [32m[1mLinking CXX executable navigation_nodes_ground[0m
[ 94%] Built target navigation_nodes_ground
gmake: *** [Makefile:146: all] Error 2
