[01m[K/home/rhobtor/reactive/Reactive-Navegation/workspace_full_conected/src/car_cpp/src/move_navigation_nodes_frontier.cpp:[m[K In member function â€˜[01m[Kvoid EnhancedNavigator::controlLoop()[m[Kâ€™:
[01m[K/home/rhobtor/reactive/Reactive-Navegation/workspace_full_conected/src/car_cpp/src/move_navigation_nodes_frontier.cpp:324:12:[m[K [01;31m[Kerror: [m[Kâ€˜[01m[KisPathFree[m[Kâ€™ was not declared in this scope
  324 |       if (![01;31m[KisPathFree[m[K(frontier_pose.position, pose.position))
      |            [01;31m[K^~~~~~~~~~[m[K
[01m[K/home/rhobtor/reactive/Reactive-Navegation/workspace_full_conected/src/car_cpp/src/move_navigation_nodes_frontier.cpp:326:12:[m[K [01;31m[Kerror: [m[Kâ€˜[01m[KisPathFree[m[Kâ€™ was not declared in this scope
  326 |       if (![01;31m[KisPathFree[m[K(robot_point, pose.position))
      |            [01;31m[K^~~~~~~~~~[m[K
[01m[K/home/rhobtor/reactive/Reactive-Navegation/workspace_full_conected/src/car_cpp/src/move_navigation_nodes_frontier.cpp:440:11:[m[K [01;31m[Kerror: [m[Kâ€˜[01m[KpublishGoalReached[m[Kâ€™ was not declared in this scope
  440 |           [01;31m[KpublishGoalReached[m[K();
      |           [01;31m[K^~~~~~~~~~~~~~~~~~[m[K
[01m[K/home/rhobtor/reactive/Reactive-Navegation/workspace_full_conected/src/car_cpp/src/move_navigation_nodes_frontier.cpp:456:11:[m[K [01;31m[Kerror: [m[Kâ€˜[01m[KpublishGoalReached[m[Kâ€™ was not declared in this scope
  456 |           [01;31m[KpublishGoalReached[m[K();
      |           [01;31m[K^~~~~~~~~~~~~~~~~~[m[K
gmake[2]: *** [CMakeFiles/move_navigation_nodes_frontier.dir/build.make:76: CMakeFiles/move_navigation_nodes_frontier.dir/src/move_navigation_nodes_frontier.cpp.o] Error 1
gmake[1]: *** [CMakeFiles/Makefile2:305: CMakeFiles/move_navigation_nodes_frontier.dir/all] Error 2
gmake: *** [Makefile:146: all] Error 2
