[  5%] Built target ground_remove
[ 11%] Built target navigation_nodes
[35m[1mConsolidate compiler generated dependencies of target move_navigation_nodes_frontier[0m
[ 17%] Built target frontier_nodes
[ 23%] Built target navigation_nodes_ground
[ 26%] [32mBuilding CXX object CMakeFiles/move_navigation_nodes_frontier.dir/src/move_navigation_nodes_frontier.cpp.o[0m
[ 32%] Built target camera_filter
[ 38%] Built target frontiers_values
[ 44%] Built target map_measure
[ 50%] Built target 2D_graph
[ 55%] Built target testo
[ 61%] Built target remove_graph_obstacles
[ 67%] Built target check_map
[ 73%] Built target path_planner_node
[ 79%] Built target control_plugin
[ 85%] Built target drive_plugin
[ 91%] Built target joints_plugin
[ 97%] Built target driver_plugin
[01m[K/home/rhobtor/reactive/Reactive-Navegation/workspace_full_conected/src/car_cpp/src/move_navigation_nodes_frontier.cpp:[m[K In member function â€˜[01m[Kvoid FrontierNavigator::controlLoop()[m[Kâ€™:
[01m[K/home/rhobtor/reactive/Reactive-Navegation/workspace_full_conected/src/car_cpp/src/move_navigation_nodes_frontier.cpp:82:60:[m[K [01;31m[Kerror: [m[Kâ€˜[01m[Kusing PoseArray = struct geometry_msgs::msg::PoseArray_<std::allocator<void> >[m[Kâ€™ {aka â€˜[01m[Kstruct geometry_msgs::msg::PoseArray_<std::allocator<void> >[m[Kâ€™} has no member named â€˜[01m[Kpose[m[Kâ€™; did you mean â€˜[01m[Kposes[m[Kâ€™?
   82 |       double dx = pose.position.x - latest_frontier_point_.[01;31m[Kpose[m[K.position.x;
      |                                                            [01;31m[K^~~~[m[K
      |                                                            [32m[Kposes[m[K
[01m[K/home/rhobtor/reactive/Reactive-Navegation/workspace_full_conected/src/car_cpp/src/move_navigation_nodes_frontier.cpp:83:60:[m[K [01;31m[Kerror: [m[Kâ€˜[01m[Kusing PoseArray = struct geometry_msgs::msg::PoseArray_<std::allocator<void> >[m[Kâ€™ {aka â€˜[01m[Kstruct geometry_msgs::msg::PoseArray_<std::allocator<void> >[m[Kâ€™} has no member named â€˜[01m[Kpose[m[Kâ€™; did you mean â€˜[01m[Kposes[m[Kâ€™?
   83 |       double dy = pose.position.y - latest_frontier_point_.[01;31m[Kpose[m[K.position.y;
      |                                                            [01;31m[K^~~~[m[K
      |                                                            [32m[Kposes[m[K
gmake[2]: *** [CMakeFiles/move_navigation_nodes_frontier.dir/build.make:76: CMakeFiles/move_navigation_nodes_frontier.dir/src/move_navigation_nodes_frontier.cpp.o] Error 1
gmake[1]: *** [CMakeFiles/Makefile2:299: CMakeFiles/move_navigation_nodes_frontier.dir/all] Error 2
gmake: *** [Makefile:146: all] Error 2
