[  5%] Built target ground_remove
[ 11%] Built target navigation_nodes_ground
[ 17%] Built target frontier_nodes
[ 23%] Built target navigation_nodes
[35m[1mConsolidate compiler generated dependencies of target move_navigation_nodes_frontier[0m
[ 29%] Built target camera_filter
[ 35%] Built target map_measure
[ 44%] Built target frontiers_values
[ 44%] [32mBuilding CXX object CMakeFiles/move_navigation_nodes_frontier.dir/src/move_navigation_nodes_frontier.cpp.o[0m
[ 50%] Built target testo
[ 55%] Built target 2D_graph
[ 61%] Built target remove_graph_obstacles
[ 67%] Built target check_map
[ 73%] Built target path_planner_node
[ 79%] Built target control_plugin
[ 85%] Built target joints_plugin
[ 91%] Built target drive_plugin
[ 97%] Built target driver_plugin
[01m[K/home/rhobtor/reactive/Reactive-Navegation/workspace_full_conected/src/car_cpp/src/move_navigation_nodes_frontier.cpp:[m[K In member function â€˜[01m[Kvoid FrontierNavigator::controlLoop()[m[Kâ€™:
[01m[K/home/rhobtor/reactive/Reactive-Navegation/workspace_full_conected/src/car_cpp/src/move_navigation_nodes_frontier.cpp:150:5:[m[K [01;31m[Kerror: [m[Kexpected â€˜[01m[K;[m[Kâ€™ before â€˜[01m[Kcmd_vel[m[Kâ€™
  150 |     [01;31m[Kcmd_vel[m[K.angular.z = linear_speed;
      |     [01;31m[K^~~~~~~[m[K
gmake[2]: *** [CMakeFiles/move_navigation_nodes_frontier.dir/build.make:76: CMakeFiles/move_navigation_nodes_frontier.dir/src/move_navigation_nodes_frontier.cpp.o] Error 1
gmake[1]: *** [CMakeFiles/Makefile2:299: CMakeFiles/move_navigation_nodes_frontier.dir/all] Error 2
gmake: *** [Makefile:146: all] Error 2
