[  5%] Built target navigation_nodes_ground
[ 11%] Built target navigation_nodes
[ 16%] Built target ground_remove
[ 22%] Built target frontier_nodes
[ 27%] Built target move_navigation_nodes_frontier
[ 33%] Built target camera_filter
[ 38%] Built target frontiers_values
[ 44%] Built target map_measure
[ 50%] Built target testo
[ 55%] Built target 2D_graph
[ 58%] [32mBuilding CXX object CMakeFiles/remove_paths.dir/src/remove_paths.cpp.o[0m
[ 63%] Built target remove_graph_obstacles
[ 69%] Built target path_planner_node
[ 75%] Built target check_map
[ 80%] Built target control_plugin
[ 86%] Built target joints_plugin
[ 91%] Built target drive_plugin
[ 97%] Built target driver_plugin
[01m[K/home/rhobtor/reactive/Reactive-Navegation/workspace_full_conected/src/car_cpp/src/remove_paths.cpp:[m[K In member function â€˜[01m[Kvoid CollisionZoneNode::octomapCallback(octomap_msgs::msg::Octomap_<std::allocator<void> >::SharedPtr)[m[Kâ€™:
[01m[K/home/rhobtor/reactive/Reactive-Navegation/workspace_full_conected/src/car_cpp/src/remove_paths.cpp:37:42:[m[K [01;31m[Kerror: [m[Ktoo many arguments to function â€˜[01m[Koctomap::AbstractOcTree* octomap_msgs::binaryMsgToMap(const Octomap&)[m[Kâ€™
   37 |         if (![01;31m[Koctomap_msgs::binaryMsgToMap(*msg, *octree)[m[K)
      |              [01;31m[K~~~~~~~~~~~~~~~~~~~~~~~~~~~~^~~~~~~~~~~~~~~[m[K
In file included from [01m[K/home/rhobtor/reactive/Reactive-Navegation/workspace_full_conected/src/car_cpp/src/remove_paths.cpp:4[m[K:
[01m[K/opt/ros/humble/include/octomap_msgs/octomap_msgs/conversions.h:85:42:[m[K [01;36m[Knote: [m[Kdeclared here
   85 |   static inline octomap::AbstractOcTree* [01;36m[KbinaryMsgToMap[m[K(const octomap_msgs::msg::Octomap& msg){
      |                                          [01;36m[K^~~~~~~~~~~~~~[m[K
gmake[2]: *** [CMakeFiles/remove_paths.dir/build.make:76: CMakeFiles/remove_paths.dir/src/remove_paths.cpp.o] Error 1
gmake[1]: *** [CMakeFiles/Makefile2:431: CMakeFiles/remove_paths.dir/all] Error 2
gmake: *** [Makefile:146: all] Error 2
