[  5%] Built target navigation_nodes
[ 10%] Built target ground_remove
[ 15%] Built target camera_filter
[ 20%] Built target move_navigation_nodes_frontier
[ 25%] Built target frontiers_values
[ 30%] Built target map_measure
[ 35%] Built target occupied_nodes_near_obstacles
[ 40%] Built target create_wall
[ 45%] Built target 2D_graph
[35m[1mConsolidate compiler generated dependencies of target obstacles_in_2d[0m
[ 47%] [32mBuilding CXX object CMakeFiles/obstacles_in_2d.dir/src/obstacles_in_2d.cpp.o[0m
[01m[K/home/rhobtor/reactive/Reactive-Navegation/workspace_full_conected/src/car_cpp/src/obstacles_in_2d.cpp:[m[K In constructor â€˜[01m[KOctomapNavigationNodes::OctomapNavigationNodes()[m[Kâ€™:
[01m[K/home/rhobtor/reactive/Reactive-Navegation/workspace_full_conected/src/car_cpp/src/obstacles_in_2d.cpp:235:61:[m[K [01;31m[Kerror: [m[Kno matching function for call to â€˜[01m[Ktf2_ros::Buffer::Buffer()[m[Kâ€™
  235 |   OctomapNavigationNodes() : Node("octomap_navigation_nodes"[01;31m[K)[m[K
      |                                                             [01;31m[K^[m[K
In file included from [01m[K/home/rhobtor/reactive/Reactive-Navegation/workspace_full_conected/src/car_cpp/src/obstacles_in_2d.cpp:217[m[K:
[01m[K/opt/ros/humble/include/tf2_ros/buffer.h:73:18:[m[K [01;36m[Knote: [m[Kcandidate: â€˜[01m[Ktf2_ros::Buffer::Buffer(rclcpp::Clock::SharedPtr, tf2::Duration, rclcpp::Node::SharedPtr)[m[Kâ€™
   73 |   TF2_ROS_PUBLIC [01;36m[KBuffer[m[K(
      |                  [01;36m[K^~~~~~[m[K
[01m[K/opt/ros/humble/include/tf2_ros/buffer.h:73:18:[m[K [01;36m[Knote: [m[K  candidate expects 3 arguments, 0 provided
[01m[K/home/rhobtor/reactive/Reactive-Navegation/workspace_full_conected/src/car_cpp/src/obstacles_in_2d.cpp:243:5:[m[K [01;31m[Kerror: [m[Kâ€˜[01m[Kcell_size_[m[Kâ€™ was not declared in this scope
  243 |     [01;31m[Kcell_size_[m[K = this->get_parameter("cell_size").as_double();
      |     [01;31m[K^~~~~~~~~~[m[K
[01m[K/home/rhobtor/reactive/Reactive-Navegation/workspace_full_conected/src/car_cpp/src/obstacles_in_2d.cpp:[m[K In member function â€˜[01m[Kvoid OctomapNavigationNodes::octomapCallback(octomap_msgs::msg::Octomap_<std::allocator<void> >::SharedPtr)[m[Kâ€™:
[01m[K/home/rhobtor/reactive/Reactive-Navegation/workspace_full_conected/src/car_cpp/src/obstacles_in_2d.cpp:306:54:[m[K [01;31m[Kerror: [m[Kâ€˜[01m[Kcell_size_[m[Kâ€™ was not declared in this scope
  306 |         int cell_x = static_cast<int>(std::floor(x / [01;31m[Kcell_size_[m[K));
      |                                                      [01;31m[K^~~~~~~~~~[m[K
[01m[K/home/rhobtor/reactive/Reactive-Navegation/workspace_full_conected/src/car_cpp/src/obstacles_in_2d.cpp:326:54:[m[K [01;31m[Kerror: [m[Kâ€˜[01m[Kcell_size_[m[Kâ€™ was not declared in this scope
  326 |         int cell_x = static_cast<int>(std::floor(x / [01;31m[Kcell_size_[m[K));
      |                                                      [01;31m[K^~~~~~~~~~[m[K
[01m[K/home/rhobtor/reactive/Reactive-Navegation/workspace_full_conected/src/car_cpp/src/obstacles_in_2d.cpp:375:42:[m[K [01;31m[Kerror: [m[Kâ€˜[01m[Kcell_size_[m[Kâ€™ was not declared in this scope
  375 |       double center_x = (cell_x + 0.5) * [01;31m[Kcell_size_[m[K;
      |                                          [01;31m[K^~~~~~~~~~[m[K
gmake[2]: *** [CMakeFiles/obstacles_in_2d.dir/build.make:76: CMakeFiles/obstacles_in_2d.dir/src/obstacles_in_2d.cpp.o] Error 1
gmake[1]: *** [CMakeFiles/Makefile2:461: CMakeFiles/obstacles_in_2d.dir/all] Error 2
gmake: *** [Makefile:146: all] Error 2
