[35m[1mConsolidate compiler generated dependencies of target frontier_nodes[0m
[  5%] Built target navigation_nodes
[ 11%] Built target ground_remove
[ 37%] Built target car_cpp
[ 40%] [32mBuilding CXX object CMakeFiles/frontier_nodes.dir/src/frontier_nodes.cpp.o[0m
[ 45%] Built target testo
[ 51%] Built target camera_filter
[ 57%] Built target map_measure
[ 62%] Built target check_map
[ 68%] Built target path_planner_node
[ 74%] Built target joints_plugin
[ 80%] Built target control_plugin
[ 85%] Built target drive_plugin
[ 91%] Built target odometry_plugin
[ 97%] Built target driver_plugin
[01m[K/home/rhobtor/reactive/Reactive-Navegation/workspace_full_conected/src/car_cpp/src/frontier_nodes.cpp:[m[K In member function â€˜[01m[Kvoid FrontierDetectionNode::octomapCallback(octomap_msgs::msg::Octomap_<std::allocator<void> >::SharedPtr)[m[Kâ€™:
[01m[K/home/rhobtor/reactive/Reactive-Navegation/workspace_full_conected/src/car_cpp/src/frontier_nodes.cpp:59:32:[m[K [01;31m[Kerror: [m[Kâ€˜[01m[Kmetric_min[m[Kâ€™ was not declared in this scope
   59 |       int ix = std::floor((x - [01;31m[Kmetric_min[m[K.x()) / grid_res);
      |                                [01;31m[K^~~~~~~~~~[m[K
[01m[K/home/rhobtor/reactive/Reactive-Navegation/workspace_full_conected/src/car_cpp/src/frontier_nodes.cpp:94:18:[m[K [01;31m[Kerror: [m[Kâ€˜[01m[Kmetric_min[m[Kâ€™ was not declared in this scope
   94 |           pt.x = [01;31m[Kmetric_min[m[K.x() + (ix + 0.5) * grid_res;
      |                  [01;31m[K^~~~~~~~~~[m[K
gmake[2]: *** [CMakeFiles/frontier_nodes.dir/build.make:76: CMakeFiles/frontier_nodes.dir/src/frontier_nodes.cpp.o] Error 1
gmake[1]: *** [CMakeFiles/Makefile2:215: CMakeFiles/frontier_nodes.dir/all] Error 2
gmake: *** [Makefile:146: all] Error 2
