[0.018s] Invoking command in '/home/rhobtor/reactive/Reactive-Navegation/workspace_full_conected/build/car_cpp': CMAKE_PREFIX_PATH=${CMAKE_PREFIX_PATH}:/home/rhobtor/reactive/Reactive-Navegation/workspace_full_conected/install/car:/opt/ros/humble /usr/bin/cmake --build /home/rhobtor/reactive/Reactive-Navegation/workspace_full_conected/build/car_cpp -- -j2 -l2
[0.113s] [  5%] [32mBuilding CXX object CMakeFiles/car_cpp.dir/src/control_plugin.cpp.o[0m
[0.114s] [ 15%] Built target testo
[0.153s] [ 26%] Built target check_map
[0.183s] [ 36%] Built target path_planner_node
[0.223s] [ 42%] [32mBuilding CXX object CMakeFiles/control_plugin.dir/src/control_plugin.cpp.o[0m
[3.718s] [01m[K/home/rhobtor/reactive/Reactive-Navegation/workspace_full_conected/src/car_cpp/src/control_plugin.cpp:220:10:[m[K [01;31m[Kfatal error: [m[Kignition/math/Time.hh: No such file or directory
[3.718s]   220 | #include [01;31m[K<ignition/math/Time.hh>[m[K
[3.718s]       |          [01;31m[K^~~~~~~~~~~~~~~~~~~~~~~[m[K
[3.718s] compilation terminated.
[3.727s] [01m[K/home/rhobtor/reactive/Reactive-Navegation/workspace_full_conected/src/car_cpp/src/control_plugin.cpp:220:10:[m[K [01;31m[Kfatal error: [m[Kignition/math/Time.hh: No such file or directory
[3.727s]   220 | #include [01;31m[K<ignition/math/Time.hh>[m[K
[3.727s]       |          [01;31m[K^~~~~~~~~~~~~~~~~~~~~~~[m[K
[3.727s] compilation terminated.
[3.730s] gmake[2]: *** [CMakeFiles/control_plugin.dir/build.make:76: CMakeFiles/control_plugin.dir/src/control_plugin.cpp.o] Error 1
[3.730s] gmake[1]: *** [CMakeFiles/Makefile2:251: CMakeFiles/control_plugin.dir/all] Error 2
[3.730s] gmake[1]: *** Waiting for unfinished jobs....
[3.732s] gmake[2]: *** [CMakeFiles/car_cpp.dir/build.make:104: CMakeFiles/car_cpp.dir/src/control_plugin.cpp.o] Error 1
[3.734s] gmake[1]: *** [CMakeFiles/Makefile2:147: CMakeFiles/car_cpp.dir/all] Error 2
[3.734s] gmake: *** [Makefile:146: all] Error 2
[3.735s] Invoked command in '/home/rhobtor/reactive/Reactive-Navegation/workspace_full_conected/build/car_cpp' returned '2': CMAKE_PREFIX_PATH=${CMAKE_PREFIX_PATH}:/home/rhobtor/reactive/Reactive-Navegation/workspace_full_conected/install/car:/opt/ros/humble /usr/bin/cmake --build /home/rhobtor/reactive/Reactive-Navegation/workspace_full_conected/build/car_cpp -- -j2 -l2
